01:19:33 PM: DEBUG [logger_base.py:18] Mensaje a nivel debug
01:19:33 PM: INFO [logger_base.py:19] Mensaje a nivel de info
01:19:33 PM: WARNING [logger_base.py:20] Mensaje a nivel de warning
01:19:33 PM: ERROR [logger_base.py:21] Mensaje a nivel de error
01:19:33 PM: CRITICAL [logger_base.py:22] Mensaje a nivel de critical
01:25:05 PM: DEBUG [logger_base.py:12] Mensaje a nivel debug
01:25:05 PM: INFO [logger_base.py:13] Mensaje a nivel de info
01:25:05 PM: WARNING [logger_base.py:14] Mensaje a nivel de warning
01:25:05 PM: ERROR [logger_base.py:15] Mensaje a nivel de error
01:25:05 PM: CRITICAL [logger_base.py:16] Mensaje a nivel de critical
12:27:22 PM: DEBUG [persona.py:46] 
            Id Persona: Juan, Nombre: Juan, Apellido: Perez, Email: jperez@email.com
        
12:27:36 PM: DEBUG [persona.py:46] 
            Id Persona: Juan, Nombre: Juan, Apellido: Perez, Email: jperez@email.com
        
12:29:26 PM: DEBUG [persona.py:46] 
            Id Persona: Juan, Nombre: Juan, Apellido: Perez, Email: jperez@email.com
        
12:30:09 PM: DEBUG [persona.py:46] 
            Id Persona: 1, Nombre: Juan, Apellido: Perez, Email: jperez@email.com
        
12:30:41 PM: DEBUG [persona.py:46] 
            Id Persona: 1, Nombre: Juan, Apellido: Perez, Email: jperez@email.com
        
12:30:48 PM: DEBUG [persona.py:46] 
            Id Persona: 1, Nombre: Juan, Apellido: Perez, Email: jperez@email.com
        
12:33:40 PM: DEBUG [persona.py:46] 
            Id Persona: 1, Nombre: Juan, Apellido: Perez, Email: jperez@email.com
        
12:34:03 PM: DEBUG [persona.py:46] 
            Id Persona: 1, Nombre: Juan, Apellido: Perez, Email: jperez@email.com
        
12:34:03 PM: DEBUG [persona.py:49] 
            Id Persona: None, Nombre: Juan, Apellido: perez, Email: jperez@email.com
        
12:34:17 PM: DEBUG [persona.py:46] 
            Id Persona: 1, Nombre: Juan, Apellido: Perez, Email: jperez@email.com
        
12:34:17 PM: DEBUG [persona.py:49] 
            Id Persona: None, Nombre: Juan, Apellido: Perez, Email: jperez@email.com
        
12:35:14 PM: DEBUG [persona.py:46] 
            Id Persona: 1, Nombre: Juan, Apellido: Perez, Email: jperez@email.com
        
12:35:14 PM: DEBUG [persona.py:49] 
            Id Persona: None, Nombre: Juan, Apellido: Perez, Email: jperez@email.com
        
12:35:14 PM: DEBUG [persona.py:52] 
            Id Persona: 1, Nombre: None, Apellido: None, Email: None
        
01:00:46 PM: DEBUG [conexion.py:21] Conexion exitosa; <connection object at 0x0000026AB2A22240; dsn: 'user=postgres password=xxx dbname=test_db host=127.0.0.1', closed: 0>
01:04:08 PM: DEBUG [conexion.py:21] Conexion exitosa; <connection object at 0x0000025F02E52240; dsn: 'user=postgres password=xxx dbname=test_db host=127.0.0.1', closed: 0>
01:05:44 PM: DEBUG [conexion.py:21] Conexion exitosa; <connection object at 0x0000021792F42240; dsn: 'user=postgres password=xxx dbname=test_db host=127.0.0.1', closed: 0>
01:05:44 PM: DEBUG [conexion.py:35] Se abrio correctamente el cursor: <cursor object at 0x0000021795095540; closed: 0>
01:05:44 PM: DEBUG [persona_dao.py:30] 
            Id Persona: 1, Nombre: Juan Carlos, Apellido: Juarez, Email: jcjuarez@mail.com
        
01:05:44 PM: DEBUG [persona_dao.py:30] 
            Id Persona: 2, Nombre: Ivone, Apellido: Gutierrez, Email: igutierrez@mail.com
        
01:05:44 PM: DEBUG [persona_dao.py:30] 
            Id Persona: 3, Nombre: Carlos, Apellido: Lara, Email: clara@mail.com
        
01:05:44 PM: DEBUG [persona_dao.py:30] 
            Id Persona: 11, Nombre: Maria, Apellido: Esparza, Email: mesparza@mail.com
        
01:05:44 PM: DEBUG [persona_dao.py:30] 
            Id Persona: 19, Nombre: Carlos, Apellido: Lara123456789, Email: clara@mail.com
        
01:05:44 PM: DEBUG [persona_dao.py:30] 
            Id Persona: 20, Nombre: Alex, Apellido: Rojas, Email: arojas@mail.com
        
01:05:44 PM: DEBUG [persona_dao.py:30] 
            Id Persona: 21, Nombre: Carlos, Apellido: Lara123456789, Email: clara@mail.com
        
01:12:01 PM: DEBUG [conexion.py:21] Conexion exitosa; <connection object at 0x0000023199162240; dsn: 'user=postgres password=xxx dbname=test_db host=127.0.0.1', closed: 0>
01:12:01 PM: DEBUG [persona_dao.py:31] Persona a insertada: 
            Id Persona: None, Nombre: Pedro, Apellido: Najera, Email: pnajera@mail.com
        
01:12:01 PM: DEBUG [persona_dao.py:39] Personas insertadas: 1
01:12:01 PM: DEBUG [conexion.py:35] Se abrio correctamente el cursor: <cursor object at 0x000002319B645540; closed: 0>
01:12:01 PM: DEBUG [persona_dao.py:43] 
            Id Persona: 1, Nombre: Juan Carlos, Apellido: Juarez, Email: jcjuarez@mail.com
        
01:12:01 PM: DEBUG [persona_dao.py:43] 
            Id Persona: 2, Nombre: Ivone, Apellido: Gutierrez, Email: igutierrez@mail.com
        
01:12:01 PM: DEBUG [persona_dao.py:43] 
            Id Persona: 3, Nombre: Carlos, Apellido: Lara, Email: clara@mail.com
        
01:12:01 PM: DEBUG [persona_dao.py:43] 
            Id Persona: 11, Nombre: Maria, Apellido: Esparza, Email: mesparza@mail.com
        
01:12:01 PM: DEBUG [persona_dao.py:43] 
            Id Persona: 19, Nombre: Carlos, Apellido: Lara123456789, Email: clara@mail.com
        
01:12:01 PM: DEBUG [persona_dao.py:43] 
            Id Persona: 20, Nombre: Alex, Apellido: Rojas, Email: arojas@mail.com
        
01:12:01 PM: DEBUG [persona_dao.py:43] 
            Id Persona: 21, Nombre: Carlos, Apellido: Lara123456789, Email: clara@mail.com
        
01:12:01 PM: DEBUG [persona_dao.py:43] 
            Id Persona: 22, Nombre: None, Apellido: Najera, Email: pnajera@mail.com
        
01:15:08 PM: DEBUG [conexion.py:21] Conexion exitosa; <connection object at 0x000001EB723A2240; dsn: 'user=postgres password=xxx dbname=test_db host=127.0.0.1', closed: 0>
01:15:08 PM: DEBUG [persona_dao.py:31] Persona a insertada: 
            Id Persona: None, Nombre: , Apellido: Najera, Email: pnajera@mail.com
        
01:15:08 PM: DEBUG [persona_dao.py:39] Personas insertadas: 1
01:15:08 PM: DEBUG [conexion.py:35] Se abrio correctamente el cursor: <cursor object at 0x000001EB748A5540; closed: 0>
01:15:08 PM: DEBUG [persona_dao.py:43] 
            Id Persona: 1, Nombre: Juan Carlos, Apellido: Juarez, Email: jcjuarez@mail.com
        
01:15:08 PM: DEBUG [persona_dao.py:43] 
            Id Persona: 2, Nombre: Ivone, Apellido: Gutierrez, Email: igutierrez@mail.com
        
01:15:08 PM: DEBUG [persona_dao.py:43] 
            Id Persona: 3, Nombre: Carlos, Apellido: Lara, Email: clara@mail.com
        
01:15:08 PM: DEBUG [persona_dao.py:43] 
            Id Persona: 11, Nombre: Maria, Apellido: Esparza, Email: mesparza@mail.com
        
01:15:08 PM: DEBUG [persona_dao.py:43] 
            Id Persona: 19, Nombre: Carlos, Apellido: Lara123456789, Email: clara@mail.com
        
01:15:08 PM: DEBUG [persona_dao.py:43] 
            Id Persona: 20, Nombre: Alex, Apellido: Rojas, Email: arojas@mail.com
        
01:15:08 PM: DEBUG [persona_dao.py:43] 
            Id Persona: 21, Nombre: Carlos, Apellido: Lara123456789, Email: clara@mail.com
        
01:15:08 PM: DEBUG [persona_dao.py:43] 
            Id Persona: 22, Nombre: None, Apellido: Najera, Email: pnajera@mail.com
        
01:15:08 PM: DEBUG [persona_dao.py:43] 
            Id Persona: 23, Nombre: None, Apellido: Najera, Email: pnajera@mail.com
        
01:15:19 PM: DEBUG [conexion.py:21] Conexion exitosa; <connection object at 0x000001DBB5022240; dsn: 'user=postgres password=xxx dbname=test_db host=127.0.0.1', closed: 0>
01:15:19 PM: DEBUG [persona_dao.py:31] Persona a insertada: 
            Id Persona: None, Nombre: Pedro, Apellido: Najera, Email: pnajera@mail.com
        
01:15:19 PM: DEBUG [persona_dao.py:39] Personas insertadas: 1
01:15:19 PM: DEBUG [conexion.py:35] Se abrio correctamente el cursor: <cursor object at 0x000001DBB71E5540; closed: 0>
01:15:19 PM: DEBUG [persona_dao.py:43] 
            Id Persona: 1, Nombre: Juan Carlos, Apellido: Juarez, Email: jcjuarez@mail.com
        
01:15:19 PM: DEBUG [persona_dao.py:43] 
            Id Persona: 2, Nombre: Ivone, Apellido: Gutierrez, Email: igutierrez@mail.com
        
01:15:19 PM: DEBUG [persona_dao.py:43] 
            Id Persona: 3, Nombre: Carlos, Apellido: Lara, Email: clara@mail.com
        
01:15:19 PM: DEBUG [persona_dao.py:43] 
            Id Persona: 11, Nombre: Maria, Apellido: Esparza, Email: mesparza@mail.com
        
01:15:19 PM: DEBUG [persona_dao.py:43] 
            Id Persona: 19, Nombre: Carlos, Apellido: Lara123456789, Email: clara@mail.com
        
01:15:19 PM: DEBUG [persona_dao.py:43] 
            Id Persona: 20, Nombre: Alex, Apellido: Rojas, Email: arojas@mail.com
        
01:15:19 PM: DEBUG [persona_dao.py:43] 
            Id Persona: 21, Nombre: Carlos, Apellido: Lara123456789, Email: clara@mail.com
        
01:15:19 PM: DEBUG [persona_dao.py:43] 
            Id Persona: 22, Nombre: None, Apellido: Najera, Email: pnajera@mail.com
        
01:15:19 PM: DEBUG [persona_dao.py:43] 
            Id Persona: 23, Nombre: None, Apellido: Najera, Email: pnajera@mail.com
        
01:15:19 PM: DEBUG [persona_dao.py:43] 
            Id Persona: 24, Nombre: None, Apellido: Najera, Email: pnajera@mail.com
        
01:15:49 PM: DEBUG [conexion.py:21] Conexion exitosa; <connection object at 0x000001B690CE2240; dsn: 'user=postgres password=xxx dbname=test_db host=127.0.0.1', closed: 0>
01:15:49 PM: DEBUG [persona_dao.py:31] Persona a insertada: 
            Id Persona: Pedro, Nombre: None, Apellido: Najera, Email: pnajera@mail.com
        
01:15:49 PM: DEBUG [persona_dao.py:39] Personas insertadas: 1
01:15:49 PM: DEBUG [conexion.py:35] Se abrio correctamente el cursor: <cursor object at 0x000001B6931F5540; closed: 0>
01:15:49 PM: DEBUG [persona_dao.py:43] 
            Id Persona: 1, Nombre: Juan Carlos, Apellido: Juarez, Email: jcjuarez@mail.com
        
01:15:49 PM: DEBUG [persona_dao.py:43] 
            Id Persona: 2, Nombre: Ivone, Apellido: Gutierrez, Email: igutierrez@mail.com
        
01:15:49 PM: DEBUG [persona_dao.py:43] 
            Id Persona: 3, Nombre: Carlos, Apellido: Lara, Email: clara@mail.com
        
01:15:49 PM: DEBUG [persona_dao.py:43] 
            Id Persona: 11, Nombre: Maria, Apellido: Esparza, Email: mesparza@mail.com
        
01:15:49 PM: DEBUG [persona_dao.py:43] 
            Id Persona: 19, Nombre: Carlos, Apellido: Lara123456789, Email: clara@mail.com
        
01:15:49 PM: DEBUG [persona_dao.py:43] 
            Id Persona: 20, Nombre: Alex, Apellido: Rojas, Email: arojas@mail.com
        
01:15:49 PM: DEBUG [persona_dao.py:43] 
            Id Persona: 21, Nombre: Carlos, Apellido: Lara123456789, Email: clara@mail.com
        
01:15:49 PM: DEBUG [persona_dao.py:43] 
            Id Persona: 22, Nombre: None, Apellido: Najera, Email: pnajera@mail.com
        
01:15:49 PM: DEBUG [persona_dao.py:43] 
            Id Persona: 23, Nombre: None, Apellido: Najera, Email: pnajera@mail.com
        
01:15:49 PM: DEBUG [persona_dao.py:43] 
            Id Persona: 24, Nombre: None, Apellido: Najera, Email: pnajera@mail.com
        
01:15:49 PM: DEBUG [persona_dao.py:43] 
            Id Persona: 25, Nombre: Pedro, Apellido: Najera, Email: pnajera@mail.com
        
01:16:56 PM: DEBUG [conexion.py:21] Conexion exitosa; <connection object at 0x0000016D4E142240; dsn: 'user=postgres password=xxx dbname=test_db host=127.0.0.1', closed: 0>
01:16:56 PM: DEBUG [persona_dao.py:31] Persona a insertada: 
            Id Persona: None, Nombre: Pedro, Apellido: Najera, Email: pnajera@mail.com
        
01:16:56 PM: DEBUG [persona_dao.py:39] Personas insertadas: 1
01:16:56 PM: DEBUG [conexion.py:35] Se abrio correctamente el cursor: <cursor object at 0x0000016D502D5460; closed: 0>
01:16:56 PM: DEBUG [persona_dao.py:43] 
            Id Persona: 1, Nombre: Juan Carlos, Apellido: Juarez, Email: jcjuarez@mail.com
        
01:16:56 PM: DEBUG [persona_dao.py:43] 
            Id Persona: 2, Nombre: Ivone, Apellido: Gutierrez, Email: igutierrez@mail.com
        
01:16:56 PM: DEBUG [persona_dao.py:43] 
            Id Persona: 3, Nombre: Carlos, Apellido: Lara, Email: clara@mail.com
        
01:16:56 PM: DEBUG [persona_dao.py:43] 
            Id Persona: 11, Nombre: Maria, Apellido: Esparza, Email: mesparza@mail.com
        
01:16:56 PM: DEBUG [persona_dao.py:43] 
            Id Persona: 19, Nombre: Carlos, Apellido: Lara123456789, Email: clara@mail.com
        
01:16:56 PM: DEBUG [persona_dao.py:43] 
            Id Persona: 20, Nombre: Alex, Apellido: Rojas, Email: arojas@mail.com
        
01:16:56 PM: DEBUG [persona_dao.py:43] 
            Id Persona: 21, Nombre: Carlos, Apellido: Lara123456789, Email: clara@mail.com
        
01:16:56 PM: DEBUG [persona_dao.py:43] 
            Id Persona: 22, Nombre: None, Apellido: Najera, Email: pnajera@mail.com
        
01:16:56 PM: DEBUG [persona_dao.py:43] 
            Id Persona: 23, Nombre: None, Apellido: Najera, Email: pnajera@mail.com
        
01:16:56 PM: DEBUG [persona_dao.py:43] 
            Id Persona: 24, Nombre: None, Apellido: Najera, Email: pnajera@mail.com
        
01:16:56 PM: DEBUG [persona_dao.py:43] 
            Id Persona: 25, Nombre: Pedro, Apellido: Najera, Email: pnajera@mail.com
        
01:16:56 PM: DEBUG [persona_dao.py:43] 
            Id Persona: 26, Nombre: Pedro, Apellido: Najera, Email: pnajera@mail.com
        
01:35:46 PM: DEBUG [conexion.py:21] Conexion exitosa; <connection object at 0x000001ADA0282350; dsn: 'user=postgres password=xxx dbname=test_db host=127.0.0.1', closed: 0>
01:35:46 PM: DEBUG [conexion.py:35] Se abrio correctamente el cursor: <cursor object at 0x000001ADA27C5540; closed: 0>
01:37:40 PM: DEBUG [conexion.py:21] Conexion exitosa; <connection object at 0x000002564B0F2350; dsn: 'user=postgres password=xxx dbname=test_db host=127.0.0.1', closed: 0>
01:37:40 PM: DEBUG [conexion.py:35] Se abrio correctamente el cursor: <cursor object at 0x000002564D685540; closed: 0>
01:38:17 PM: DEBUG [conexion.py:21] Conexion exitosa; <connection object at 0x000001FE7CA82350; dsn: 'user=postgres password=xxx dbname=test_db host=127.0.0.1', closed: 0>
01:38:17 PM: DEBUG [conexion.py:35] Se abrio correctamente el cursor: <cursor object at 0x000001FE7EC45540; closed: 0>
01:43:33 PM: DEBUG [conexion.py:21] Conexion exitosa; <connection object at 0x000001C068E52350; dsn: 'user=postgres password=xxx dbname=test_db host=127.0.0.1', closed: 0>
01:43:33 PM: DEBUG [conexion.py:35] Se abrio correctamente el cursor: <cursor object at 0x000001C06B375540; closed: 0>
01:51:43 PM: DEBUG [conexion.py:21] Conexion exitosa; <connection object at 0x000001DEF2562350; dsn: 'user=postgres password=xxx dbname=test_db host=127.0.0.1', closed: 0>
01:51:43 PM: DEBUG [conexion.py:35] Se abrio correctamente el cursor: <cursor object at 0x000001DEF4A6D620; closed: 0>
01:52:42 PM: DEBUG [conexion.py:21] Conexion exitosa; <connection object at 0x000001B597552350; dsn: 'user=postgres password=xxx dbname=test_db host=127.0.0.1', closed: 0>
01:52:42 PM: DEBUG [conexion.py:35] Se abrio correctamente el cursor: <cursor object at 0x000001B59969D620; closed: 0>
01:54:01 PM: DEBUG [conexion.py:21] Conexion exitosa; <connection object at 0x0000022536062350; dsn: 'user=postgres password=xxx dbname=test_db host=127.0.0.1', closed: 0>
01:54:01 PM: DEBUG [conexion.py:35] Se abrio correctamente el cursor: <cursor object at 0x000002253820D620; closed: 0>
01:54:50 PM: DEBUG [conexion.py:21] Conexion exitosa; <connection object at 0x00000261E87A2350; dsn: 'user=postgres password=xxx dbname=test_db host=127.0.0.1', closed: 0>
01:54:50 PM: DEBUG [conexion.py:35] Se abrio correctamente el cursor: <cursor object at 0x00000261EA8ED620; closed: 0>
01:57:33 PM: DEBUG [conexion.py:21] Conexion exitosa; <connection object at 0x0000029A5BEF2350; dsn: 'user=postgres password=xxx dbname=test_db host=127.0.0.1', closed: 0>
01:57:33 PM: DEBUG [conexion.py:35] Se abrio correctamente el cursor: <cursor object at 0x0000029A5E03D620; closed: 0>
01:58:09 PM: DEBUG [conexion.py:21] Conexion exitosa; <connection object at 0x0000028F52F12350; dsn: 'user=postgres password=xxx dbname=test_db host=127.0.0.1', closed: 0>
01:58:09 PM: DEBUG [conexion.py:35] Se abrio correctamente el cursor: <cursor object at 0x0000028F550BD620; closed: 0>
02:01:03 PM: DEBUG [conexion.py:21] Conexion exitosa; <connection object at 0x0000017898D22350; dsn: 'user=postgres password=xxx dbname=test_db host=127.0.0.1', closed: 0>
02:01:03 PM: DEBUG [conexion.py:35] Se abrio correctamente el cursor: <cursor object at 0x000001789B20D620; closed: 0>
02:01:31 PM: DEBUG [conexion.py:21] Conexion exitosa; <connection object at 0x000001AB5D962350; dsn: 'user=postgres password=xxx dbname=test_db host=127.0.0.1', closed: 0>
02:01:31 PM: DEBUG [conexion.py:35] Se abrio correctamente el cursor: <cursor object at 0x000001AB5FACD620; closed: 0>
02:01:31 PM: DEBUG [persona_dao.py:40] Persona actualizada: 
            Id Persona: 0, Nombre: Juan Carlos, Apellido: Juarez, Email: cjjuarez@mail.com
        
02:01:31 PM: DEBUG [persona_dao.py:51] Personas actualizadas: 0
02:01:31 PM: DEBUG [persona_dao.py:56] 
            Id Persona: 1, Nombre: Juan Carlos, Apellido: Juarez, Email: cjjuarez@mail.com
        
02:01:31 PM: DEBUG [persona_dao.py:56] 
            Id Persona: 2, Nombre: Ivone, Apellido: Gutierrez, Email: igutierrez@mail.com
        
02:01:31 PM: DEBUG [persona_dao.py:56] 
            Id Persona: 3, Nombre: Carlos, Apellido: Lara, Email: clara@mail.com
        
02:01:31 PM: DEBUG [persona_dao.py:56] 
            Id Persona: 11, Nombre: Maria, Apellido: Esparza, Email: mesparza@mail.com
        
02:01:31 PM: DEBUG [persona_dao.py:56] 
            Id Persona: 19, Nombre: Carlos, Apellido: Lara123456789, Email: clara@mail.com
        
02:01:31 PM: DEBUG [persona_dao.py:56] 
            Id Persona: 20, Nombre: Alex, Apellido: Rojas, Email: arojas@mail.com
        
02:01:31 PM: DEBUG [persona_dao.py:56] 
            Id Persona: 21, Nombre: Carlos, Apellido: Lara123456789, Email: clara@mail.com
        
02:01:31 PM: DEBUG [persona_dao.py:56] 
            Id Persona: 22, Nombre: None, Apellido: Najera, Email: pnajera@mail.com
        
02:01:31 PM: DEBUG [persona_dao.py:56] 
            Id Persona: 23, Nombre: None, Apellido: Najera, Email: pnajera@mail.com
        
02:01:31 PM: DEBUG [persona_dao.py:56] 
            Id Persona: 24, Nombre: None, Apellido: Najera, Email: pnajera@mail.com
        
02:01:31 PM: DEBUG [persona_dao.py:56] 
            Id Persona: 25, Nombre: Pedro, Apellido: Najera, Email: pnajera@mail.com
        
02:01:31 PM: DEBUG [persona_dao.py:56] 
            Id Persona: 26, Nombre: Pedro, Apellido: Najera, Email: pnajera@mail.com
        
02:01:52 PM: DEBUG [conexion.py:21] Conexion exitosa; <connection object at 0x0000021DE48B2350; dsn: 'user=postgres password=xxx dbname=test_db host=127.0.0.1', closed: 0>
02:01:52 PM: DEBUG [conexion.py:35] Se abrio correctamente el cursor: <cursor object at 0x0000021DE6DBD620; closed: 0>
02:01:52 PM: DEBUG [persona_dao.py:40] Persona actualizada: 
            Id Persona: 1, Nombre: Juan Carlos, Apellido: Juarez, Email: cjjuarez@mail.com
        
02:01:52 PM: DEBUG [persona_dao.py:51] Personas actualizadas: 1
02:01:52 PM: DEBUG [persona_dao.py:56] 
            Id Persona: 1, Nombre: Juan Carlos, Apellido: Juarez, Email: cjjuarez@mail.com
        
02:01:52 PM: DEBUG [persona_dao.py:56] 
            Id Persona: 2, Nombre: Ivone, Apellido: Gutierrez, Email: igutierrez@mail.com
        
02:01:52 PM: DEBUG [persona_dao.py:56] 
            Id Persona: 3, Nombre: Carlos, Apellido: Lara, Email: clara@mail.com
        
02:01:52 PM: DEBUG [persona_dao.py:56] 
            Id Persona: 11, Nombre: Maria, Apellido: Esparza, Email: mesparza@mail.com
        
02:01:52 PM: DEBUG [persona_dao.py:56] 
            Id Persona: 19, Nombre: Carlos, Apellido: Lara123456789, Email: clara@mail.com
        
02:01:52 PM: DEBUG [persona_dao.py:56] 
            Id Persona: 20, Nombre: Alex, Apellido: Rojas, Email: arojas@mail.com
        
02:01:52 PM: DEBUG [persona_dao.py:56] 
            Id Persona: 21, Nombre: Carlos, Apellido: Lara123456789, Email: clara@mail.com
        
02:01:52 PM: DEBUG [persona_dao.py:56] 
            Id Persona: 22, Nombre: None, Apellido: Najera, Email: pnajera@mail.com
        
02:01:52 PM: DEBUG [persona_dao.py:56] 
            Id Persona: 23, Nombre: None, Apellido: Najera, Email: pnajera@mail.com
        
02:01:52 PM: DEBUG [persona_dao.py:56] 
            Id Persona: 24, Nombre: None, Apellido: Najera, Email: pnajera@mail.com
        
02:01:52 PM: DEBUG [persona_dao.py:56] 
            Id Persona: 25, Nombre: Pedro, Apellido: Najera, Email: pnajera@mail.com
        
02:01:52 PM: DEBUG [persona_dao.py:56] 
            Id Persona: 26, Nombre: Pedro, Apellido: Najera, Email: pnajera@mail.com
        
12:16:58 PM: DEBUG [conexion.py:21] Conexion exitosa; <connection object at 0x0000021B17FA2240; dsn: 'user=postgres password=xxx dbname=test_db host=127.0.0.1', closed: 0>
12:16:58 PM: DEBUG [conexion.py:35] Se abrio correctamente el cursor: <cursor object at 0x0000021B1A4AD620; closed: 0>
12:16:58 PM: DEBUG [persona_dao.py:48] Objeto eliminado: 
            Id Persona: 22, Nombre: None, Apellido: None, Email: None
        
12:16:58 PM: DEBUG [persona_dao.py:64] Personas eliminadas: 1
12:16:58 PM: DEBUG [persona_dao.py:69] 
            Id Persona: 1, Nombre: Juan Carlos, Apellido: Juarez, Email: cjjuarez@mail.com
        
12:16:58 PM: DEBUG [persona_dao.py:69] 
            Id Persona: 2, Nombre: Ivone, Apellido: Gutierrez, Email: igutierrez@mail.com
        
12:16:58 PM: DEBUG [persona_dao.py:69] 
            Id Persona: 3, Nombre: Carlos, Apellido: Lara, Email: clara@mail.com
        
12:16:58 PM: DEBUG [persona_dao.py:69] 
            Id Persona: 11, Nombre: Maria, Apellido: Esparza, Email: mesparza@mail.com
        
12:16:58 PM: DEBUG [persona_dao.py:69] 
            Id Persona: 19, Nombre: Carlos, Apellido: Lara123456789, Email: clara@mail.com
        
12:16:58 PM: DEBUG [persona_dao.py:69] 
            Id Persona: 20, Nombre: Alex, Apellido: Rojas, Email: arojas@mail.com
        
12:16:58 PM: DEBUG [persona_dao.py:69] 
            Id Persona: 21, Nombre: Carlos, Apellido: Lara123456789, Email: clara@mail.com
        
12:16:58 PM: DEBUG [persona_dao.py:69] 
            Id Persona: 23, Nombre: None, Apellido: Najera, Email: pnajera@mail.com
        
12:16:58 PM: DEBUG [persona_dao.py:69] 
            Id Persona: 24, Nombre: None, Apellido: Najera, Email: pnajera@mail.com
        
12:16:58 PM: DEBUG [persona_dao.py:69] 
            Id Persona: 25, Nombre: Pedro, Apellido: Najera, Email: pnajera@mail.com
        
12:16:58 PM: DEBUG [persona_dao.py:69] 
            Id Persona: 26, Nombre: Pedro, Apellido: Najera, Email: pnajera@mail.com
        
12:18:15 PM: DEBUG [conexion.py:21] Conexion exitosa; <connection object at 0x00000184CBBD2240; dsn: 'user=postgres password=xxx dbname=test_db host=127.0.0.1', closed: 0>
12:18:15 PM: DEBUG [conexion.py:35] Se abrio correctamente el cursor: <cursor object at 0x00000184CDD4D620; closed: 0>
12:18:15 PM: DEBUG [persona_dao.py:48] Objeto eliminado: 
            Id Persona: 22, Nombre: None, Apellido: None, Email: None
        
12:18:53 PM: DEBUG [conexion.py:21] Conexion exitosa; <connection object at 0x000001871FB72240; dsn: 'user=postgres password=xxx dbname=test_db host=127.0.0.1', closed: 0>
12:18:53 PM: DEBUG [conexion.py:35] Se abrio correctamente el cursor: <cursor object at 0x0000018721CBD620; closed: 0>
12:18:53 PM: DEBUG [persona_dao.py:48] Objeto eliminado: 
            Id Persona: 22, Nombre: None, Apellido: None, Email: None
        
12:19:38 PM: DEBUG [conexion.py:21] Conexion exitosa; <connection object at 0x0000026828662240; dsn: 'user=postgres password=xxx dbname=test_db host=127.0.0.1', closed: 0>
12:19:38 PM: DEBUG [conexion.py:35] Se abrio correctamente el cursor: <cursor object at 0x000002682A80D620; closed: 0>
12:19:38 PM: DEBUG [persona_dao.py:48] Objeto eliminado: 
            Id Persona: 22, Nombre: None, Apellido: None, Email: None
        
12:20:01 PM: DEBUG [conexion.py:21] Conexion exitosa; <connection object at 0x000002C14C1E2240; dsn: 'user=postgres password=xxx dbname=test_db host=127.0.0.1', closed: 0>
12:20:01 PM: DEBUG [conexion.py:35] Se abrio correctamente el cursor: <cursor object at 0x000002C14E38D620; closed: 0>
12:20:01 PM: DEBUG [persona_dao.py:48] Objeto eliminado: 
            Id Persona: 22, Nombre: None, Apellido: None, Email: None
        
12:20:01 PM: DEBUG [persona_dao.py:64] Personas eliminadas: 0
12:20:01 PM: DEBUG [persona_dao.py:69] 
            Id Persona: 1, Nombre: Juan Carlos, Apellido: Juarez, Email: cjjuarez@mail.com
        
12:20:01 PM: DEBUG [persona_dao.py:69] 
            Id Persona: 2, Nombre: Ivone, Apellido: Gutierrez, Email: igutierrez@mail.com
        
12:20:01 PM: DEBUG [persona_dao.py:69] 
            Id Persona: 3, Nombre: Carlos, Apellido: Lara, Email: clara@mail.com
        
12:20:01 PM: DEBUG [persona_dao.py:69] 
            Id Persona: 11, Nombre: Maria, Apellido: Esparza, Email: mesparza@mail.com
        
12:20:01 PM: DEBUG [persona_dao.py:69] 
            Id Persona: 19, Nombre: Carlos, Apellido: Lara123456789, Email: clara@mail.com
        
12:20:01 PM: DEBUG [persona_dao.py:69] 
            Id Persona: 20, Nombre: Alex, Apellido: Rojas, Email: arojas@mail.com
        
12:20:01 PM: DEBUG [persona_dao.py:69] 
            Id Persona: 21, Nombre: Carlos, Apellido: Lara123456789, Email: clara@mail.com
        
12:20:01 PM: DEBUG [persona_dao.py:69] 
            Id Persona: 23, Nombre: None, Apellido: Najera, Email: pnajera@mail.com
        
12:20:01 PM: DEBUG [persona_dao.py:69] 
            Id Persona: 24, Nombre: None, Apellido: Najera, Email: pnajera@mail.com
        
12:20:01 PM: DEBUG [persona_dao.py:69] 
            Id Persona: 25, Nombre: Pedro, Apellido: Najera, Email: pnajera@mail.com
        
12:20:01 PM: DEBUG [persona_dao.py:69] 
            Id Persona: 26, Nombre: Pedro, Apellido: Najera, Email: pnajera@mail.com
        
12:20:13 PM: DEBUG [conexion.py:21] Conexion exitosa; <connection object at 0x00000202F2F32240; dsn: 'user=postgres password=xxx dbname=test_db host=127.0.0.1', closed: 0>
12:20:13 PM: DEBUG [conexion.py:35] Se abrio correctamente el cursor: <cursor object at 0x00000202F507D620; closed: 0>
12:20:13 PM: DEBUG [persona_dao.py:48] Objeto eliminado: 
            Id Persona: 23, Nombre: None, Apellido: None, Email: None
        
12:20:13 PM: DEBUG [persona_dao.py:64] Personas eliminadas: 1
12:20:13 PM: DEBUG [persona_dao.py:69] 
            Id Persona: 1, Nombre: Juan Carlos, Apellido: Juarez, Email: cjjuarez@mail.com
        
12:20:13 PM: DEBUG [persona_dao.py:69] 
            Id Persona: 2, Nombre: Ivone, Apellido: Gutierrez, Email: igutierrez@mail.com
        
12:20:13 PM: DEBUG [persona_dao.py:69] 
            Id Persona: 3, Nombre: Carlos, Apellido: Lara, Email: clara@mail.com
        
12:20:13 PM: DEBUG [persona_dao.py:69] 
            Id Persona: 11, Nombre: Maria, Apellido: Esparza, Email: mesparza@mail.com
        
12:20:13 PM: DEBUG [persona_dao.py:69] 
            Id Persona: 19, Nombre: Carlos, Apellido: Lara123456789, Email: clara@mail.com
        
12:20:13 PM: DEBUG [persona_dao.py:69] 
            Id Persona: 20, Nombre: Alex, Apellido: Rojas, Email: arojas@mail.com
        
12:20:13 PM: DEBUG [persona_dao.py:69] 
            Id Persona: 21, Nombre: Carlos, Apellido: Lara123456789, Email: clara@mail.com
        
12:20:13 PM: DEBUG [persona_dao.py:69] 
            Id Persona: 24, Nombre: None, Apellido: Najera, Email: pnajera@mail.com
        
12:20:13 PM: DEBUG [persona_dao.py:69] 
            Id Persona: 25, Nombre: Pedro, Apellido: Najera, Email: pnajera@mail.com
        
12:20:13 PM: DEBUG [persona_dao.py:69] 
            Id Persona: 26, Nombre: Pedro, Apellido: Najera, Email: pnajera@mail.com
        
12:20:19 PM: DEBUG [conexion.py:21] Conexion exitosa; <connection object at 0x000001F62A092240; dsn: 'user=postgres password=xxx dbname=test_db host=127.0.0.1', closed: 0>
12:20:19 PM: DEBUG [conexion.py:35] Se abrio correctamente el cursor: <cursor object at 0x000001F62C1DD620; closed: 0>
12:20:19 PM: DEBUG [persona_dao.py:48] Objeto eliminado: 
            Id Persona: 24, Nombre: None, Apellido: None, Email: None
        
12:20:19 PM: DEBUG [persona_dao.py:64] Personas eliminadas: 1
12:20:19 PM: DEBUG [persona_dao.py:69] 
            Id Persona: 1, Nombre: Juan Carlos, Apellido: Juarez, Email: cjjuarez@mail.com
        
12:20:19 PM: DEBUG [persona_dao.py:69] 
            Id Persona: 2, Nombre: Ivone, Apellido: Gutierrez, Email: igutierrez@mail.com
        
12:20:19 PM: DEBUG [persona_dao.py:69] 
            Id Persona: 3, Nombre: Carlos, Apellido: Lara, Email: clara@mail.com
        
12:20:19 PM: DEBUG [persona_dao.py:69] 
            Id Persona: 11, Nombre: Maria, Apellido: Esparza, Email: mesparza@mail.com
        
12:20:19 PM: DEBUG [persona_dao.py:69] 
            Id Persona: 19, Nombre: Carlos, Apellido: Lara123456789, Email: clara@mail.com
        
12:20:19 PM: DEBUG [persona_dao.py:69] 
            Id Persona: 20, Nombre: Alex, Apellido: Rojas, Email: arojas@mail.com
        
12:20:19 PM: DEBUG [persona_dao.py:69] 
            Id Persona: 21, Nombre: Carlos, Apellido: Lara123456789, Email: clara@mail.com
        
12:20:19 PM: DEBUG [persona_dao.py:69] 
            Id Persona: 25, Nombre: Pedro, Apellido: Najera, Email: pnajera@mail.com
        
12:20:19 PM: DEBUG [persona_dao.py:69] 
            Id Persona: 26, Nombre: Pedro, Apellido: Najera, Email: pnajera@mail.com
        
12:20:26 PM: DEBUG [conexion.py:21] Conexion exitosa; <connection object at 0x0000026051812240; dsn: 'user=postgres password=xxx dbname=test_db host=127.0.0.1', closed: 0>
12:20:26 PM: DEBUG [conexion.py:35] Se abrio correctamente el cursor: <cursor object at 0x000002605395D620; closed: 0>
12:20:26 PM: DEBUG [persona_dao.py:48] Objeto eliminado: 
            Id Persona: 25, Nombre: None, Apellido: None, Email: None
        
12:20:26 PM: DEBUG [persona_dao.py:64] Personas eliminadas: 1
12:20:26 PM: DEBUG [persona_dao.py:69] 
            Id Persona: 1, Nombre: Juan Carlos, Apellido: Juarez, Email: cjjuarez@mail.com
        
12:20:26 PM: DEBUG [persona_dao.py:69] 
            Id Persona: 2, Nombre: Ivone, Apellido: Gutierrez, Email: igutierrez@mail.com
        
12:20:26 PM: DEBUG [persona_dao.py:69] 
            Id Persona: 3, Nombre: Carlos, Apellido: Lara, Email: clara@mail.com
        
12:20:26 PM: DEBUG [persona_dao.py:69] 
            Id Persona: 11, Nombre: Maria, Apellido: Esparza, Email: mesparza@mail.com
        
12:20:26 PM: DEBUG [persona_dao.py:69] 
            Id Persona: 19, Nombre: Carlos, Apellido: Lara123456789, Email: clara@mail.com
        
12:20:26 PM: DEBUG [persona_dao.py:69] 
            Id Persona: 20, Nombre: Alex, Apellido: Rojas, Email: arojas@mail.com
        
12:20:26 PM: DEBUG [persona_dao.py:69] 
            Id Persona: 21, Nombre: Carlos, Apellido: Lara123456789, Email: clara@mail.com
        
12:20:26 PM: DEBUG [persona_dao.py:69] 
            Id Persona: 26, Nombre: Pedro, Apellido: Najera, Email: pnajera@mail.com
        
12:20:50 PM: DEBUG [conexion.py:21] Conexion exitosa; <connection object at 0x000002721C7B2240; dsn: 'user=postgres password=xxx dbname=test_db host=127.0.0.1', closed: 0>
12:20:50 PM: DEBUG [conexion.py:35] Se abrio correctamente el cursor: <cursor object at 0x000002721ECCD620; closed: 0>
12:20:50 PM: DEBUG [persona_dao.py:48] Objeto eliminado: 
            Id Persona: 19, Nombre: None, Apellido: None, Email: None
        
12:20:50 PM: DEBUG [persona_dao.py:64] Personas eliminadas: 1
12:20:50 PM: DEBUG [persona_dao.py:69] 
            Id Persona: 1, Nombre: Juan Carlos, Apellido: Juarez, Email: cjjuarez@mail.com
        
12:20:50 PM: DEBUG [persona_dao.py:69] 
            Id Persona: 2, Nombre: Ivone, Apellido: Gutierrez, Email: igutierrez@mail.com
        
12:20:50 PM: DEBUG [persona_dao.py:69] 
            Id Persona: 3, Nombre: Carlos, Apellido: Lara, Email: clara@mail.com
        
12:20:50 PM: DEBUG [persona_dao.py:69] 
            Id Persona: 11, Nombre: Maria, Apellido: Esparza, Email: mesparza@mail.com
        
12:20:50 PM: DEBUG [persona_dao.py:69] 
            Id Persona: 20, Nombre: Alex, Apellido: Rojas, Email: arojas@mail.com
        
12:20:50 PM: DEBUG [persona_dao.py:69] 
            Id Persona: 21, Nombre: Carlos, Apellido: Lara123456789, Email: clara@mail.com
        
12:20:50 PM: DEBUG [persona_dao.py:69] 
            Id Persona: 26, Nombre: Pedro, Apellido: Najera, Email: pnajera@mail.com
        
12:21:00 PM: DEBUG [conexion.py:21] Conexion exitosa; <connection object at 0x0000022722112240; dsn: 'user=postgres password=xxx dbname=test_db host=127.0.0.1', closed: 0>
12:21:00 PM: DEBUG [conexion.py:35] Se abrio correctamente el cursor: <cursor object at 0x000002272425D620; closed: 0>
12:21:00 PM: DEBUG [persona_dao.py:48] Objeto eliminado: 
            Id Persona: 21, Nombre: None, Apellido: None, Email: None
        
12:21:00 PM: DEBUG [persona_dao.py:64] Personas eliminadas: 1
12:21:00 PM: DEBUG [persona_dao.py:69] 
            Id Persona: 1, Nombre: Juan Carlos, Apellido: Juarez, Email: cjjuarez@mail.com
        
12:21:00 PM: DEBUG [persona_dao.py:69] 
            Id Persona: 2, Nombre: Ivone, Apellido: Gutierrez, Email: igutierrez@mail.com
        
12:21:00 PM: DEBUG [persona_dao.py:69] 
            Id Persona: 3, Nombre: Carlos, Apellido: Lara, Email: clara@mail.com
        
12:21:00 PM: DEBUG [persona_dao.py:69] 
            Id Persona: 11, Nombre: Maria, Apellido: Esparza, Email: mesparza@mail.com
        
12:21:00 PM: DEBUG [persona_dao.py:69] 
            Id Persona: 20, Nombre: Alex, Apellido: Rojas, Email: arojas@mail.com
        
12:21:00 PM: DEBUG [persona_dao.py:69] 
            Id Persona: 26, Nombre: Pedro, Apellido: Najera, Email: pnajera@mail.com
        
12:37:31 PM: DEBUG [conexion1.py:24] Creacion de pool exitosa <psycopg2.pool.SimpleConnectionPool object at 0x000002672E1E7FD0>
12:37:31 PM: DEBUG [conexion1.py:35] Conexion obtenida del pool: <connection object at 0x000002672DC12240; dsn: 'user=postgres password=xxx dbname=test_db host=127.0.0.1 port=5432', closed: 0>
12:37:31 PM: DEBUG [conexion1.py:35] Conexion obtenida del pool: <connection object at 0x000002672FD587B0; dsn: 'user=postgres password=xxx dbname=test_db host=127.0.0.1 port=5432', closed: 0>
12:40:48 PM: DEBUG [conexion1.py:24] Creacion de pool exitosa <psycopg2.pool.SimpleConnectionPool object at 0x000002AC13F07FD0>
12:40:48 PM: DEBUG [conexion1.py:35] Conexion obtenida del pool: <connection object at 0x000002AC13932240; dsn: 'user=postgres password=xxx dbname=test_db host=127.0.0.1 port=5432', closed: 0>
12:40:48 PM: DEBUG [conexion1.py:35] Conexion obtenida del pool: <connection object at 0x000002AC15A787B0; dsn: 'user=postgres password=xxx dbname=test_db host=127.0.0.1 port=5432', closed: 0>
12:40:48 PM: DEBUG [conexion1.py:35] Conexion obtenida del pool: <connection object at 0x000002AC15A78370; dsn: 'user=postgres password=xxx dbname=test_db host=127.0.0.1 port=5432', closed: 0>
12:40:48 PM: DEBUG [conexion1.py:35] Conexion obtenida del pool: <connection object at 0x000002AC15A789D0; dsn: 'user=postgres password=xxx dbname=test_db host=127.0.0.1 port=5432', closed: 0>
12:40:48 PM: DEBUG [conexion1.py:35] Conexion obtenida del pool: <connection object at 0x000002AC15A788C0; dsn: 'user=postgres password=xxx dbname=test_db host=127.0.0.1 port=5432', closed: 0>
12:41:27 PM: DEBUG [conexion1.py:24] Creacion de pool exitosa <psycopg2.pool.SimpleConnectionPool object at 0x000001D1F04D3F40>
12:41:27 PM: DEBUG [conexion1.py:35] Conexion obtenida del pool: <connection object at 0x000001D1EFB22240; dsn: 'user=postgres password=xxx dbname=test_db host=127.0.0.1 port=5432', closed: 0>
12:41:27 PM: DEBUG [conexion1.py:35] Conexion obtenida del pool: <connection object at 0x000001D1F20087B0; dsn: 'user=postgres password=xxx dbname=test_db host=127.0.0.1 port=5432', closed: 0>
12:41:27 PM: DEBUG [conexion1.py:35] Conexion obtenida del pool: <connection object at 0x000001D1F2008370; dsn: 'user=postgres password=xxx dbname=test_db host=127.0.0.1 port=5432', closed: 0>
12:41:27 PM: DEBUG [conexion1.py:35] Conexion obtenida del pool: <connection object at 0x000001D1F20089D0; dsn: 'user=postgres password=xxx dbname=test_db host=127.0.0.1 port=5432', closed: 0>
12:41:27 PM: DEBUG [conexion1.py:35] Conexion obtenida del pool: <connection object at 0x000001D1F20088C0; dsn: 'user=postgres password=xxx dbname=test_db host=127.0.0.1 port=5432', closed: 0>
12:41:57 PM: DEBUG [conexion1.py:24] Creacion de pool exitosa <psycopg2.pool.SimpleConnectionPool object at 0x0000024A34AF3F40>
12:41:57 PM: DEBUG [conexion1.py:35] Conexion obtenida del pool: <connection object at 0x0000024A344E2240; dsn: 'user=postgres password=xxx dbname=test_db host=127.0.0.1 port=5432', closed: 0>
12:41:57 PM: DEBUG [conexion1.py:35] Conexion obtenida del pool: <connection object at 0x0000024A366887B0; dsn: 'user=postgres password=xxx dbname=test_db host=127.0.0.1 port=5432', closed: 0>
12:41:57 PM: DEBUG [conexion1.py:35] Conexion obtenida del pool: <connection object at 0x0000024A36688370; dsn: 'user=postgres password=xxx dbname=test_db host=127.0.0.1 port=5432', closed: 0>
12:41:57 PM: DEBUG [conexion1.py:35] Conexion obtenida del pool: <connection object at 0x0000024A366889D0; dsn: 'user=postgres password=xxx dbname=test_db host=127.0.0.1 port=5432', closed: 0>
12:41:57 PM: DEBUG [conexion1.py:35] Conexion obtenida del pool: <connection object at 0x0000024A366888C0; dsn: 'user=postgres password=xxx dbname=test_db host=127.0.0.1 port=5432', closed: 0>
12:41:57 PM: DEBUG [conexion1.py:35] Conexion obtenida del pool: <connection object at 0x0000024A36688AE0; dsn: 'user=postgres password=xxx dbname=test_db host=127.0.0.1 port=5432', closed: 0>
12:47:00 PM: DEBUG [conexion1.py:24] Creacion de pool exitosa <psycopg2.pool.SimpleConnectionPool object at 0x000001DD6425D870>
12:47:00 PM: DEBUG [conexion1.py:35] Conexion obtenida del pool: <connection object at 0x000001DD61D42240; dsn: 'user=postgres password=xxx dbname=test_db host=127.0.0.1 port=5432', closed: 0>
12:47:00 PM: DEBUG [conexion1.py:40] Regresamos la conexion al punto: <connection object at 0x000001DD61D42240; dsn: 'user=postgres password=xxx dbname=test_db host=127.0.0.1 port=5432', closed: 0>
12:47:00 PM: DEBUG [conexion1.py:35] Conexion obtenida del pool: <connection object at 0x000001DD61D42240; dsn: 'user=postgres password=xxx dbname=test_db host=127.0.0.1 port=5432', closed: 0>
12:49:16 PM: DEBUG [conexion1.py:24] Creacion de pool exitosa <psycopg2.pool.SimpleConnectionPool object at 0x0000024F03B85B40>
12:49:16 PM: DEBUG [conexion1.py:35] Conexion obtenida del pool: <connection object at 0x0000024F016B2240; dsn: 'user=postgres password=xxx dbname=test_db host=127.0.0.1 port=5432', closed: 0>
12:49:16 PM: DEBUG [conexion1.py:40] Regresamos la conexion al punto: <connection object at 0x0000024F016B2240; dsn: 'user=postgres password=xxx dbname=test_db host=127.0.0.1 port=5432', closed: 0>
12:49:16 PM: DEBUG [conexion1.py:35] Conexion obtenida del pool: <connection object at 0x0000024F016B2240; dsn: 'user=postgres password=xxx dbname=test_db host=127.0.0.1 port=5432', closed: 0>
12:49:16 PM: DEBUG [conexion1.py:35] Conexion obtenida del pool: <connection object at 0x0000024F03BA87B0; dsn: 'user=postgres password=xxx dbname=test_db host=127.0.0.1 port=5432', closed: 0>
12:49:16 PM: DEBUG [conexion1.py:40] Regresamos la conexion al punto: <connection object at 0x0000024F03BA87B0; dsn: 'user=postgres password=xxx dbname=test_db host=127.0.0.1 port=5432', closed: 0>
12:49:16 PM: DEBUG [conexion1.py:35] Conexion obtenida del pool: <connection object at 0x0000024F03BA87B0; dsn: 'user=postgres password=xxx dbname=test_db host=127.0.0.1 port=5432', closed: 0>
12:49:16 PM: DEBUG [conexion1.py:35] Conexion obtenida del pool: <connection object at 0x0000024F03BA8370; dsn: 'user=postgres password=xxx dbname=test_db host=127.0.0.1 port=5432', closed: 0>
12:49:16 PM: DEBUG [conexion1.py:40] Regresamos la conexion al punto: <connection object at 0x0000024F03BA8370; dsn: 'user=postgres password=xxx dbname=test_db host=127.0.0.1 port=5432', closed: 0>
09:24:15 PM: DEBUG [cursor_del_pool.py:8] Inicio del metodo with __enter__
09:24:15 PM: DEBUG [conexion1.py:24] Creacion de pool exitosa <psycopg2.pool.SimpleConnectionPool object at 0x0000011437DB7EE0>
09:24:15 PM: DEBUG [conexion1.py:35] Conexion obtenida del pool: <connection object at 0x0000011437452240; dsn: 'user=postgres password=xxx dbname=test_db host=127.0.0.1 port=5432', closed: 0>
09:24:15 PM: DEBUG [cursor_del_pool.py:24] Dentro del bloque with
09:24:15 PM: DEBUG [cursor_del_pool.py:26] [(3, 'Carlos', 'Lara', 'clara@mail.com'), (2, 'Ivone', 'Gutierrez', 'igutierrez@mail.com'), (11, 'Maria', 'Esparza', 'mesparza@mail.com'), (20, 'Alex', 'Rojas', 'arojas@mail.com'), (26, 'Pedro', 'Najera', 'pnajera@mail.com'), (1, 'Juan Carlos', 'Juarez', 'cjjuarez@mail.com')]
09:24:15 PM: DEBUG [cursor_del_pool.py:13] Se ejecuta metodo __exit__
09:24:15 PM: DEBUG [cursor_del_pool.py:19] Commit de la transaccion
09:24:15 PM: DEBUG [conexion1.py:40] Regresamos la conexion al punto: <connection object at 0x0000011437452240; dsn: 'user=postgres password=xxx dbname=test_db host=127.0.0.1 port=5432', closed: 0>
09:31:15 PM: DEBUG [cursor_del_pool.py:8] Inicio del metodo with __enter__
09:31:15 PM: DEBUG [conexion1.py:24] Creacion de pool exitosa <psycopg2.pool.SimpleConnectionPool object at 0x000001C5F8B19BD0>
09:31:15 PM: DEBUG [conexion1.py:35] Conexion obtenida del pool: <connection object at 0x000001C5F6972240; dsn: 'user=postgres password=xxx dbname=test_db host=127.0.0.1 port=5432', closed: 0>
09:31:15 PM: DEBUG [cursor_del_pool.py:13] Se ejecuta metodo __exit__
09:31:15 PM: DEBUG [cursor_del_pool.py:19] Commit de la transaccion
09:31:15 PM: DEBUG [conexion1.py:40] Regresamos la conexion al punto: <connection object at 0x000001C5F6972240; dsn: 'user=postgres password=xxx dbname=test_db host=127.0.0.1 port=5432', closed: 0>
09:31:15 PM: DEBUG [persona_dao.py:66] 
            Id Persona: 1, Nombre: Juan Carlos, Apellido: Juarez, Email: cjjuarez@mail.com
        
09:31:15 PM: DEBUG [persona_dao.py:66] 
            Id Persona: 2, Nombre: Ivone, Apellido: Gutierrez, Email: igutierrez@mail.com
        
09:31:15 PM: DEBUG [persona_dao.py:66] 
            Id Persona: 3, Nombre: Carlos, Apellido: Lara, Email: clara@mail.com
        
09:31:15 PM: DEBUG [persona_dao.py:66] 
            Id Persona: 11, Nombre: Maria, Apellido: Esparza, Email: mesparza@mail.com
        
09:31:15 PM: DEBUG [persona_dao.py:66] 
            Id Persona: 20, Nombre: Alex, Apellido: Rojas, Email: arojas@mail.com
        
09:31:15 PM: DEBUG [persona_dao.py:66] 
            Id Persona: 26, Nombre: Pedro, Apellido: Najera, Email: pnajera@mail.com
        
09:34:32 PM: DEBUG [cursor_del_pool.py:8] Inicio del metodo with __enter__
09:34:32 PM: DEBUG [conexion1.py:24] Creacion de pool exitosa <psycopg2.pool.SimpleConnectionPool object at 0x0000025017E36440>
09:34:32 PM: DEBUG [conexion1.py:35] Conexion obtenida del pool: <connection object at 0x0000025015912240; dsn: 'user=postgres password=xxx dbname=test_db host=127.0.0.1 port=5432', closed: 0>
09:34:32 PM: DEBUG [persona_dao.py:31] Persona a insertada: 
            Id Persona: None, Nombre: Alejandra, Apellido: Tellez, Email: atellez@mail.com
        
09:34:32 PM: DEBUG [cursor_del_pool.py:13] Se ejecuta metodo __exit__
09:34:32 PM: DEBUG [cursor_del_pool.py:19] Commit de la transaccion
09:34:32 PM: DEBUG [conexion1.py:40] Regresamos la conexion al punto: <connection object at 0x0000025015912240; dsn: 'user=postgres password=xxx dbname=test_db host=127.0.0.1 port=5432', closed: 0>
09:34:32 PM: DEBUG [persona_dao.py:52] Personas insertadas: 1
09:34:32 PM: DEBUG [cursor_del_pool.py:8] Inicio del metodo with __enter__
09:34:32 PM: DEBUG [conexion1.py:35] Conexion obtenida del pool: <connection object at 0x0000025015912240; dsn: 'user=postgres password=xxx dbname=test_db host=127.0.0.1 port=5432', closed: 0>
09:34:32 PM: DEBUG [cursor_del_pool.py:13] Se ejecuta metodo __exit__
09:34:32 PM: DEBUG [cursor_del_pool.py:19] Commit de la transaccion
09:34:32 PM: DEBUG [conexion1.py:40] Regresamos la conexion al punto: <connection object at 0x0000025015912240; dsn: 'user=postgres password=xxx dbname=test_db host=127.0.0.1 port=5432', closed: 0>
09:34:32 PM: DEBUG [persona_dao.py:67] 
            Id Persona: 1, Nombre: Juan Carlos, Apellido: Juarez, Email: cjjuarez@mail.com
        
09:34:32 PM: DEBUG [persona_dao.py:67] 
            Id Persona: 2, Nombre: Ivone, Apellido: Gutierrez, Email: igutierrez@mail.com
        
09:34:32 PM: DEBUG [persona_dao.py:67] 
            Id Persona: 3, Nombre: Carlos, Apellido: Lara, Email: clara@mail.com
        
09:34:32 PM: DEBUG [persona_dao.py:67] 
            Id Persona: 11, Nombre: Maria, Apellido: Esparza, Email: mesparza@mail.com
        
09:34:32 PM: DEBUG [persona_dao.py:67] 
            Id Persona: 20, Nombre: Alex, Apellido: Rojas, Email: arojas@mail.com
        
09:34:32 PM: DEBUG [persona_dao.py:67] 
            Id Persona: 26, Nombre: Pedro, Apellido: Najera, Email: pnajera@mail.com
        
09:34:32 PM: DEBUG [persona_dao.py:67] 
            Id Persona: 27, Nombre: Alejandra, Apellido: Tellez, Email: atellez@mail.com
        
09:37:35 PM: DEBUG [cursor_del_pool.py:8] Inicio del metodo with __enter__
09:37:36 PM: DEBUG [conexion1.py:24] Creacion de pool exitosa <psycopg2.pool.SimpleConnectionPool object at 0x0000025D4C9027D0>
09:37:36 PM: DEBUG [conexion1.py:35] Conexion obtenida del pool: <connection object at 0x0000025D4A3D2240; dsn: 'user=postgres password=xxx dbname=test_db host=127.0.0.1 port=5432', closed: 0>
09:37:36 PM: DEBUG [persona_dao.py:31] Persona a insertada: 
            Id Persona: None, Nombre: Alejandra, Apellido: Tellez, Email: atellez@mail.com
        
09:37:36 PM: DEBUG [cursor_del_pool.py:13] Se ejecuta metodo __exit__
09:37:36 PM: DEBUG [cursor_del_pool.py:19] Commit de la transaccion
09:37:36 PM: DEBUG [conexion1.py:40] Regresamos la conexion al punto: <connection object at 0x0000025D4A3D2240; dsn: 'user=postgres password=xxx dbname=test_db host=127.0.0.1 port=5432', closed: 0>
09:37:36 PM: DEBUG [persona_dao.py:52] Personas insertadas: 1
09:37:36 PM: DEBUG [cursor_del_pool.py:8] Inicio del metodo with __enter__
09:37:36 PM: DEBUG [conexion1.py:35] Conexion obtenida del pool: <connection object at 0x0000025D4A3D2240; dsn: 'user=postgres password=xxx dbname=test_db host=127.0.0.1 port=5432', closed: 0>
09:37:36 PM: DEBUG [persona_dao.py:38] Persona actualizada: 
            Id Persona: 1, Nombre: Juan, Apellido: Perez, Email: jperez@mail.com
        
09:37:36 PM: DEBUG [cursor_del_pool.py:13] Se ejecuta metodo __exit__
09:37:36 PM: DEBUG [cursor_del_pool.py:19] Commit de la transaccion
09:37:36 PM: DEBUG [conexion1.py:40] Regresamos la conexion al punto: <connection object at 0x0000025D4A3D2240; dsn: 'user=postgres password=xxx dbname=test_db host=127.0.0.1 port=5432', closed: 0>
09:37:36 PM: DEBUG [persona_dao.py:57] Personas actualizadas: 1
09:37:36 PM: DEBUG [cursor_del_pool.py:8] Inicio del metodo with __enter__
09:37:36 PM: DEBUG [conexion1.py:35] Conexion obtenida del pool: <connection object at 0x0000025D4A3D2240; dsn: 'user=postgres password=xxx dbname=test_db host=127.0.0.1 port=5432', closed: 0>
09:37:36 PM: DEBUG [persona_dao.py:45] Objeto eliminado: 
            Id Persona: 15, Nombre: None, Apellido: None, Email: None
        
09:37:36 PM: DEBUG [cursor_del_pool.py:13] Se ejecuta metodo __exit__
09:37:36 PM: DEBUG [cursor_del_pool.py:19] Commit de la transaccion
09:37:36 PM: DEBUG [conexion1.py:40] Regresamos la conexion al punto: <connection object at 0x0000025D4A3D2240; dsn: 'user=postgres password=xxx dbname=test_db host=127.0.0.1 port=5432', closed: 0>
09:37:36 PM: DEBUG [persona_dao.py:62] Personas eliminadas: 0
09:37:36 PM: DEBUG [cursor_del_pool.py:8] Inicio del metodo with __enter__
09:37:36 PM: DEBUG [conexion1.py:35] Conexion obtenida del pool: <connection object at 0x0000025D4A3D2240; dsn: 'user=postgres password=xxx dbname=test_db host=127.0.0.1 port=5432', closed: 0>
09:37:36 PM: DEBUG [cursor_del_pool.py:13] Se ejecuta metodo __exit__
09:37:36 PM: DEBUG [cursor_del_pool.py:19] Commit de la transaccion
09:37:36 PM: DEBUG [conexion1.py:40] Regresamos la conexion al punto: <connection object at 0x0000025D4A3D2240; dsn: 'user=postgres password=xxx dbname=test_db host=127.0.0.1 port=5432', closed: 0>
09:37:36 PM: DEBUG [persona_dao.py:67] 
            Id Persona: 1, Nombre: Juan, Apellido: Perez, Email: jperez@mail.com
        
09:37:36 PM: DEBUG [persona_dao.py:67] 
            Id Persona: 2, Nombre: Ivone, Apellido: Gutierrez, Email: igutierrez@mail.com
        
09:37:36 PM: DEBUG [persona_dao.py:67] 
            Id Persona: 3, Nombre: Carlos, Apellido: Lara, Email: clara@mail.com
        
09:37:36 PM: DEBUG [persona_dao.py:67] 
            Id Persona: 11, Nombre: Maria, Apellido: Esparza, Email: mesparza@mail.com
        
09:37:36 PM: DEBUG [persona_dao.py:67] 
            Id Persona: 20, Nombre: Alex, Apellido: Rojas, Email: arojas@mail.com
        
09:37:36 PM: DEBUG [persona_dao.py:67] 
            Id Persona: 26, Nombre: Pedro, Apellido: Najera, Email: pnajera@mail.com
        
09:37:36 PM: DEBUG [persona_dao.py:67] 
            Id Persona: 27, Nombre: Alejandra, Apellido: Tellez, Email: atellez@mail.com
        
09:37:36 PM: DEBUG [persona_dao.py:67] 
            Id Persona: 28, Nombre: Alejandra, Apellido: Tellez, Email: atellez@mail.com
        
09:37:54 PM: DEBUG [cursor_del_pool.py:8] Inicio del metodo with __enter__
09:37:54 PM: DEBUG [conexion1.py:24] Creacion de pool exitosa <psycopg2.pool.SimpleConnectionPool object at 0x000001EC1B4E27D0>
09:37:54 PM: DEBUG [conexion1.py:35] Conexion obtenida del pool: <connection object at 0x000001EC19362240; dsn: 'user=postgres password=xxx dbname=test_db host=127.0.0.1 port=5432', closed: 0>
09:37:54 PM: DEBUG [persona_dao.py:31] Persona a insertada: 
            Id Persona: None, Nombre: Alejandra, Apellido: Tellez, Email: atellez@mail.com
        
09:37:54 PM: DEBUG [cursor_del_pool.py:13] Se ejecuta metodo __exit__
09:37:54 PM: DEBUG [cursor_del_pool.py:19] Commit de la transaccion
09:37:54 PM: DEBUG [conexion1.py:40] Regresamos la conexion al punto: <connection object at 0x000001EC19362240; dsn: 'user=postgres password=xxx dbname=test_db host=127.0.0.1 port=5432', closed: 0>
09:37:54 PM: DEBUG [persona_dao.py:52] Personas insertadas: 1
09:37:54 PM: DEBUG [cursor_del_pool.py:8] Inicio del metodo with __enter__
09:37:54 PM: DEBUG [conexion1.py:35] Conexion obtenida del pool: <connection object at 0x000001EC19362240; dsn: 'user=postgres password=xxx dbname=test_db host=127.0.0.1 port=5432', closed: 0>
09:37:54 PM: DEBUG [persona_dao.py:38] Persona actualizada: 
            Id Persona: 1, Nombre: Juan, Apellido: Perez, Email: jperez@mail.com
        
09:37:54 PM: DEBUG [cursor_del_pool.py:13] Se ejecuta metodo __exit__
09:37:54 PM: DEBUG [cursor_del_pool.py:19] Commit de la transaccion
09:37:54 PM: DEBUG [conexion1.py:40] Regresamos la conexion al punto: <connection object at 0x000001EC19362240; dsn: 'user=postgres password=xxx dbname=test_db host=127.0.0.1 port=5432', closed: 0>
09:37:54 PM: DEBUG [persona_dao.py:57] Personas actualizadas: 1
09:37:54 PM: DEBUG [cursor_del_pool.py:8] Inicio del metodo with __enter__
09:37:54 PM: DEBUG [conexion1.py:35] Conexion obtenida del pool: <connection object at 0x000001EC19362240; dsn: 'user=postgres password=xxx dbname=test_db host=127.0.0.1 port=5432', closed: 0>
09:37:54 PM: DEBUG [persona_dao.py:45] Objeto eliminado: 
            Id Persona: 25, Nombre: None, Apellido: None, Email: None
        
09:37:54 PM: DEBUG [cursor_del_pool.py:13] Se ejecuta metodo __exit__
09:37:54 PM: DEBUG [cursor_del_pool.py:19] Commit de la transaccion
09:37:54 PM: DEBUG [conexion1.py:40] Regresamos la conexion al punto: <connection object at 0x000001EC19362240; dsn: 'user=postgres password=xxx dbname=test_db host=127.0.0.1 port=5432', closed: 0>
09:37:54 PM: DEBUG [persona_dao.py:62] Personas eliminadas: 0
09:37:54 PM: DEBUG [cursor_del_pool.py:8] Inicio del metodo with __enter__
09:37:54 PM: DEBUG [conexion1.py:35] Conexion obtenida del pool: <connection object at 0x000001EC19362240; dsn: 'user=postgres password=xxx dbname=test_db host=127.0.0.1 port=5432', closed: 0>
09:37:54 PM: DEBUG [cursor_del_pool.py:13] Se ejecuta metodo __exit__
09:37:54 PM: DEBUG [cursor_del_pool.py:19] Commit de la transaccion
09:37:54 PM: DEBUG [conexion1.py:40] Regresamos la conexion al punto: <connection object at 0x000001EC19362240; dsn: 'user=postgres password=xxx dbname=test_db host=127.0.0.1 port=5432', closed: 0>
09:37:54 PM: DEBUG [persona_dao.py:67] 
            Id Persona: 1, Nombre: Juan, Apellido: Perez, Email: jperez@mail.com
        
09:37:54 PM: DEBUG [persona_dao.py:67] 
            Id Persona: 2, Nombre: Ivone, Apellido: Gutierrez, Email: igutierrez@mail.com
        
09:37:54 PM: DEBUG [persona_dao.py:67] 
            Id Persona: 3, Nombre: Carlos, Apellido: Lara, Email: clara@mail.com
        
09:37:54 PM: DEBUG [persona_dao.py:67] 
            Id Persona: 11, Nombre: Maria, Apellido: Esparza, Email: mesparza@mail.com
        
09:37:54 PM: DEBUG [persona_dao.py:67] 
            Id Persona: 20, Nombre: Alex, Apellido: Rojas, Email: arojas@mail.com
        
09:37:54 PM: DEBUG [persona_dao.py:67] 
            Id Persona: 26, Nombre: Pedro, Apellido: Najera, Email: pnajera@mail.com
        
09:37:54 PM: DEBUG [persona_dao.py:67] 
            Id Persona: 27, Nombre: Alejandra, Apellido: Tellez, Email: atellez@mail.com
        
09:37:54 PM: DEBUG [persona_dao.py:67] 
            Id Persona: 28, Nombre: Alejandra, Apellido: Tellez, Email: atellez@mail.com
        
09:37:54 PM: DEBUG [persona_dao.py:67] 
            Id Persona: 29, Nombre: Alejandra, Apellido: Tellez, Email: atellez@mail.com
        
09:38:16 PM: DEBUG [cursor_del_pool.py:8] Inicio del metodo with __enter__
09:38:16 PM: DEBUG [conexion1.py:24] Creacion de pool exitosa <psycopg2.pool.SimpleConnectionPool object at 0x000002BB851C27D0>
09:38:16 PM: DEBUG [conexion1.py:35] Conexion obtenida del pool: <connection object at 0x000002BB83032240; dsn: 'user=postgres password=xxx dbname=test_db host=127.0.0.1 port=5432', closed: 0>
09:38:16 PM: DEBUG [persona_dao.py:31] Persona a insertada: 
            Id Persona: None, Nombre: Alejandra, Apellido: Tellez, Email: atellez@mail.com
        
09:38:16 PM: DEBUG [cursor_del_pool.py:13] Se ejecuta metodo __exit__
09:38:16 PM: DEBUG [cursor_del_pool.py:19] Commit de la transaccion
09:38:16 PM: DEBUG [conexion1.py:40] Regresamos la conexion al punto: <connection object at 0x000002BB83032240; dsn: 'user=postgres password=xxx dbname=test_db host=127.0.0.1 port=5432', closed: 0>
09:38:16 PM: DEBUG [persona_dao.py:52] Personas insertadas: 1
09:38:16 PM: DEBUG [cursor_del_pool.py:8] Inicio del metodo with __enter__
09:38:16 PM: DEBUG [conexion1.py:35] Conexion obtenida del pool: <connection object at 0x000002BB83032240; dsn: 'user=postgres password=xxx dbname=test_db host=127.0.0.1 port=5432', closed: 0>
09:38:16 PM: DEBUG [persona_dao.py:38] Persona actualizada: 
            Id Persona: 1, Nombre: Juan, Apellido: Perez, Email: jperez@mail.com
        
09:38:16 PM: DEBUG [cursor_del_pool.py:13] Se ejecuta metodo __exit__
09:38:16 PM: DEBUG [cursor_del_pool.py:19] Commit de la transaccion
09:38:16 PM: DEBUG [conexion1.py:40] Regresamos la conexion al punto: <connection object at 0x000002BB83032240; dsn: 'user=postgres password=xxx dbname=test_db host=127.0.0.1 port=5432', closed: 0>
09:38:16 PM: DEBUG [persona_dao.py:57] Personas actualizadas: 1
09:38:16 PM: DEBUG [cursor_del_pool.py:8] Inicio del metodo with __enter__
09:38:16 PM: DEBUG [conexion1.py:35] Conexion obtenida del pool: <connection object at 0x000002BB83032240; dsn: 'user=postgres password=xxx dbname=test_db host=127.0.0.1 port=5432', closed: 0>
09:38:16 PM: DEBUG [persona_dao.py:45] Objeto eliminado: 
            Id Persona: 27, Nombre: None, Apellido: None, Email: None
        
09:38:16 PM: DEBUG [cursor_del_pool.py:13] Se ejecuta metodo __exit__
09:38:16 PM: DEBUG [cursor_del_pool.py:19] Commit de la transaccion
09:38:16 PM: DEBUG [conexion1.py:40] Regresamos la conexion al punto: <connection object at 0x000002BB83032240; dsn: 'user=postgres password=xxx dbname=test_db host=127.0.0.1 port=5432', closed: 0>
09:38:16 PM: DEBUG [persona_dao.py:62] Personas eliminadas: 1
09:38:16 PM: DEBUG [cursor_del_pool.py:8] Inicio del metodo with __enter__
09:38:16 PM: DEBUG [conexion1.py:35] Conexion obtenida del pool: <connection object at 0x000002BB83032240; dsn: 'user=postgres password=xxx dbname=test_db host=127.0.0.1 port=5432', closed: 0>
09:38:16 PM: DEBUG [cursor_del_pool.py:13] Se ejecuta metodo __exit__
09:38:16 PM: DEBUG [cursor_del_pool.py:19] Commit de la transaccion
09:38:16 PM: DEBUG [conexion1.py:40] Regresamos la conexion al punto: <connection object at 0x000002BB83032240; dsn: 'user=postgres password=xxx dbname=test_db host=127.0.0.1 port=5432', closed: 0>
09:38:16 PM: DEBUG [persona_dao.py:67] 
            Id Persona: 1, Nombre: Juan, Apellido: Perez, Email: jperez@mail.com
        
09:38:16 PM: DEBUG [persona_dao.py:67] 
            Id Persona: 2, Nombre: Ivone, Apellido: Gutierrez, Email: igutierrez@mail.com
        
09:38:16 PM: DEBUG [persona_dao.py:67] 
            Id Persona: 3, Nombre: Carlos, Apellido: Lara, Email: clara@mail.com
        
09:38:16 PM: DEBUG [persona_dao.py:67] 
            Id Persona: 11, Nombre: Maria, Apellido: Esparza, Email: mesparza@mail.com
        
09:38:16 PM: DEBUG [persona_dao.py:67] 
            Id Persona: 20, Nombre: Alex, Apellido: Rojas, Email: arojas@mail.com
        
09:38:16 PM: DEBUG [persona_dao.py:67] 
            Id Persona: 26, Nombre: Pedro, Apellido: Najera, Email: pnajera@mail.com
        
09:38:16 PM: DEBUG [persona_dao.py:67] 
            Id Persona: 28, Nombre: Alejandra, Apellido: Tellez, Email: atellez@mail.com
        
09:38:16 PM: DEBUG [persona_dao.py:67] 
            Id Persona: 29, Nombre: Alejandra, Apellido: Tellez, Email: atellez@mail.com
        
09:38:16 PM: DEBUG [persona_dao.py:67] 
            Id Persona: 30, Nombre: Alejandra, Apellido: Tellez, Email: atellez@mail.com
        
12:19:11 PM: DEBUG [conexion1.py:24] Creacion de pool exitosa <psycopg2.pool.SimpleConnectionPool object at 0x00000244BCC1A2F0>
12:19:11 PM: DEBUG [conexion1.py:35] Conexion obtenida del pool: <connection object at 0x00000244BAD33EF0; dsn: 'user=postgres password=xxx dbname=test_db host=127.0.0.1 port=5432', closed: 0>
12:19:11 PM: DEBUG [conexion1.py:40] Regresamos la conexion al punto: <connection object at 0x00000244BAD33EF0; dsn: 'user=postgres password=xxx dbname=test_db host=127.0.0.1 port=5432', closed: 0>
12:19:11 PM: DEBUG [conexion1.py:35] Conexion obtenida del pool: <connection object at 0x00000244BAD33EF0; dsn: 'user=postgres password=xxx dbname=test_db host=127.0.0.1 port=5432', closed: 0>
12:19:11 PM: DEBUG [conexion1.py:35] Conexion obtenida del pool: <connection object at 0x00000244BAD33890; dsn: 'user=postgres password=xxx dbname=test_db host=127.0.0.1 port=5432', closed: 0>
12:19:11 PM: DEBUG [conexion1.py:40] Regresamos la conexion al punto: <connection object at 0x00000244BAD33890; dsn: 'user=postgres password=xxx dbname=test_db host=127.0.0.1 port=5432', closed: 0>
12:19:11 PM: DEBUG [conexion1.py:35] Conexion obtenida del pool: <connection object at 0x00000244BAD33890; dsn: 'user=postgres password=xxx dbname=test_db host=127.0.0.1 port=5432', closed: 0>
12:19:11 PM: DEBUG [conexion1.py:35] Conexion obtenida del pool: <connection object at 0x00000244BAD33670; dsn: 'user=postgres password=xxx dbname=test_db host=127.0.0.1 port=5432', closed: 0>
12:19:11 PM: DEBUG [conexion1.py:40] Regresamos la conexion al punto: <connection object at 0x00000244BAD33670; dsn: 'user=postgres password=xxx dbname=test_db host=127.0.0.1 port=5432', closed: 0>
12:24:45 PM: DEBUG [cursor_del_pool.py:8] Inicio del metodo with __enter__
12:24:45 PM: DEBUG [conexion1.py:24] Creacion de pool exitosa <psycopg2.pool.SimpleConnectionPool object at 0x000001A0225FBEB0>
12:24:45 PM: DEBUG [conexion1.py:35] Conexion obtenida del pool: <connection object at 0x000001A0220F3EF0; dsn: 'user=postgres password=xxx dbname=test_db host=127.0.0.1 port=5432', closed: 0>
12:24:45 PM: DEBUG [cursor_del_pool.py:24] Dentro del bloque with
12:24:45 PM: DEBUG [cursor_del_pool.py:26] [(3, 'Carlos', 'Lara', 'clara@mail.com'), (2, 'Ivone', 'Gutierrez', 'igutierrez@mail.com'), (11, 'Maria', 'Esparza', 'mesparza@mail.com'), (20, 'Alex', 'Rojas', 'arojas@mail.com'), (26, 'Pedro', 'Najera', 'pnajera@mail.com'), (28, 'Alejandra', 'Tellez', 'atellez@mail.com'), (29, 'Alejandra', 'Tellez', 'atellez@mail.com'), (30, 'Alejandra', 'Tellez', 'atellez@mail.com'), (1, 'Juan', 'Perez', 'jperez@mail.com')]
12:24:45 PM: DEBUG [cursor_del_pool.py:13] Se ejecuta metodo __exit__
12:24:45 PM: DEBUG [cursor_del_pool.py:19] Commit de la transaccion
12:24:45 PM: DEBUG [conexion1.py:40] Regresamos la conexion al punto: <connection object at 0x000001A0220F3EF0; dsn: 'user=postgres password=xxx dbname=test_db host=127.0.0.1 port=5432', closed: 0>
10:51:52 AM: DEBUG [cursor_del_pool.py:8] Inicio del metodo with __enter__
10:51:52 AM: DEBUG [conexion1.py:24] Creacion de pool exitosa <psycopg2.pool.SimpleConnectionPool object at 0x0000020B376C8DF0>
10:51:52 AM: DEBUG [conexion1.py:35] Conexion obtenida del pool: <connection object at 0x0000020B35583EF0; dsn: 'user=postgres password=xxx dbname=test_db host=127.0.0.1 port=5432', closed: 0>
10:51:52 AM: DEBUG [persona_dao.py:31] Persona a insertada: 
            Id Persona: None, Nombre: Alejandra, Apellido: Tellez, Email: atellez@mail.com
        
10:51:52 AM: DEBUG [cursor_del_pool.py:13] Se ejecuta metodo __exit__
10:51:52 AM: DEBUG [cursor_del_pool.py:19] Commit de la transaccion
10:51:52 AM: DEBUG [conexion1.py:40] Regresamos la conexion al punto: <connection object at 0x0000020B35583EF0; dsn: 'user=postgres password=xxx dbname=test_db host=127.0.0.1 port=5432', closed: 0>
10:51:52 AM: DEBUG [persona_dao.py:52] Personas insertadas: 1
10:51:52 AM: DEBUG [cursor_del_pool.py:8] Inicio del metodo with __enter__
10:51:52 AM: DEBUG [conexion1.py:35] Conexion obtenida del pool: <connection object at 0x0000020B35583EF0; dsn: 'user=postgres password=xxx dbname=test_db host=127.0.0.1 port=5432', closed: 0>
10:51:52 AM: DEBUG [persona_dao.py:38] Persona actualizada: 
            Id Persona: 1, Nombre: Juan, Apellido: Perez, Email: jperez@mail.com
        
10:51:52 AM: DEBUG [cursor_del_pool.py:13] Se ejecuta metodo __exit__
10:51:52 AM: DEBUG [cursor_del_pool.py:19] Commit de la transaccion
10:51:52 AM: DEBUG [conexion1.py:40] Regresamos la conexion al punto: <connection object at 0x0000020B35583EF0; dsn: 'user=postgres password=xxx dbname=test_db host=127.0.0.1 port=5432', closed: 0>
10:51:52 AM: DEBUG [persona_dao.py:57] Personas actualizadas: 1
10:51:52 AM: DEBUG [cursor_del_pool.py:8] Inicio del metodo with __enter__
10:51:52 AM: DEBUG [conexion1.py:35] Conexion obtenida del pool: <connection object at 0x0000020B35583EF0; dsn: 'user=postgres password=xxx dbname=test_db host=127.0.0.1 port=5432', closed: 0>
10:51:52 AM: DEBUG [persona_dao.py:45] Objeto eliminado: 
            Id Persona: 27, Nombre: None, Apellido: None, Email: None
        
10:51:52 AM: DEBUG [cursor_del_pool.py:13] Se ejecuta metodo __exit__
10:51:52 AM: DEBUG [cursor_del_pool.py:19] Commit de la transaccion
10:51:52 AM: DEBUG [conexion1.py:40] Regresamos la conexion al punto: <connection object at 0x0000020B35583EF0; dsn: 'user=postgres password=xxx dbname=test_db host=127.0.0.1 port=5432', closed: 0>
10:51:52 AM: DEBUG [persona_dao.py:62] Personas eliminadas: 0
10:51:52 AM: DEBUG [cursor_del_pool.py:8] Inicio del metodo with __enter__
10:51:52 AM: DEBUG [conexion1.py:35] Conexion obtenida del pool: <connection object at 0x0000020B35583EF0; dsn: 'user=postgres password=xxx dbname=test_db host=127.0.0.1 port=5432', closed: 0>
10:51:52 AM: DEBUG [cursor_del_pool.py:13] Se ejecuta metodo __exit__
10:51:52 AM: DEBUG [cursor_del_pool.py:19] Commit de la transaccion
10:51:52 AM: DEBUG [conexion1.py:40] Regresamos la conexion al punto: <connection object at 0x0000020B35583EF0; dsn: 'user=postgres password=xxx dbname=test_db host=127.0.0.1 port=5432', closed: 0>
10:51:52 AM: DEBUG [persona_dao.py:67] 
            Id Persona: 1, Nombre: Juan, Apellido: Perez, Email: jperez@mail.com
        
10:51:52 AM: DEBUG [persona_dao.py:67] 
            Id Persona: 2, Nombre: Ivone, Apellido: Gutierrez, Email: igutierrez@mail.com
        
10:51:52 AM: DEBUG [persona_dao.py:67] 
            Id Persona: 3, Nombre: Carlos, Apellido: Lara, Email: clara@mail.com
        
10:51:52 AM: DEBUG [persona_dao.py:67] 
            Id Persona: 11, Nombre: Maria, Apellido: Esparza, Email: mesparza@mail.com
        
10:51:52 AM: DEBUG [persona_dao.py:67] 
            Id Persona: 20, Nombre: Alex, Apellido: Rojas, Email: arojas@mail.com
        
10:51:52 AM: DEBUG [persona_dao.py:67] 
            Id Persona: 26, Nombre: Pedro, Apellido: Najera, Email: pnajera@mail.com
        
10:51:52 AM: DEBUG [persona_dao.py:67] 
            Id Persona: 28, Nombre: Alejandra, Apellido: Tellez, Email: atellez@mail.com
        
10:51:52 AM: DEBUG [persona_dao.py:67] 
            Id Persona: 29, Nombre: Alejandra, Apellido: Tellez, Email: atellez@mail.com
        
10:51:52 AM: DEBUG [persona_dao.py:67] 
            Id Persona: 30, Nombre: Alejandra, Apellido: Tellez, Email: atellez@mail.com
        
10:51:52 AM: DEBUG [persona_dao.py:67] 
            Id Persona: 31, Nombre: Alex, Apellido: Rojas, Email: arojas@mail.com
        
10:51:52 AM: DEBUG [persona_dao.py:67] 
            Id Persona: 32, Nombre: Alejandra, Apellido: Tellez, Email: atellez@mail.com
        
10:53:52 AM: DEBUG [persona.py:46] 
            Id Persona: 1, Nombre: Juan, Apellido: Perez, Email: jperez@email.com
        
10:53:52 AM: DEBUG [persona.py:49] 
            Id Persona: None, Nombre: Juan, Apellido: Perez, Email: jperez@email.com
        
10:53:52 AM: DEBUG [persona.py:52] 
            Id Persona: 1, Nombre: None, Apellido: None, Email: None
        
12:17:08 PM: DEBUG [cursor_del_pool.py:8] Inicio del metodo with __enter__
12:17:08 PM: DEBUG [conexion1.py:24] Creacion de pool exitosa <psycopg2.pool.SimpleConnectionPool object at 0x000001597ACF2FE0>
12:17:08 PM: DEBUG [conexion1.py:35] Conexion obtenida del pool: <connection object at 0x0000015978DD3EF0; dsn: 'user=postgres password=xxx dbname=test_db host=127.0.0.1 port=5432', closed: 0>
12:17:08 PM: DEBUG [persona_dao.py:31] Persona a insertada: 
            Id Persona: None, Nombre: Alejandra, Apellido: Tellez, Email: atellez@mail.com
        
12:17:08 PM: DEBUG [cursor_del_pool.py:13] Se ejecuta metodo __exit__
12:17:08 PM: DEBUG [cursor_del_pool.py:19] Commit de la transaccion
12:17:08 PM: DEBUG [conexion1.py:40] Regresamos la conexion al punto: <connection object at 0x0000015978DD3EF0; dsn: 'user=postgres password=xxx dbname=test_db host=127.0.0.1 port=5432', closed: 0>
12:17:08 PM: DEBUG [persona_dao.py:52] Personas insertadas: 1
12:17:08 PM: DEBUG [cursor_del_pool.py:8] Inicio del metodo with __enter__
12:17:08 PM: DEBUG [conexion1.py:35] Conexion obtenida del pool: <connection object at 0x0000015978DD3EF0; dsn: 'user=postgres password=xxx dbname=test_db host=127.0.0.1 port=5432', closed: 0>
12:17:08 PM: DEBUG [persona_dao.py:38] Persona actualizada: 
            Id Persona: 1, Nombre: Juan, Apellido: Perez, Email: jperez@mail.com
        
12:17:08 PM: DEBUG [cursor_del_pool.py:13] Se ejecuta metodo __exit__
12:17:08 PM: DEBUG [cursor_del_pool.py:19] Commit de la transaccion
12:17:08 PM: DEBUG [conexion1.py:40] Regresamos la conexion al punto: <connection object at 0x0000015978DD3EF0; dsn: 'user=postgres password=xxx dbname=test_db host=127.0.0.1 port=5432', closed: 0>
12:17:08 PM: DEBUG [persona_dao.py:57] Personas actualizadas: 1
12:17:08 PM: DEBUG [cursor_del_pool.py:8] Inicio del metodo with __enter__
12:17:08 PM: DEBUG [conexion1.py:35] Conexion obtenida del pool: <connection object at 0x0000015978DD3EF0; dsn: 'user=postgres password=xxx dbname=test_db host=127.0.0.1 port=5432', closed: 0>
12:17:08 PM: DEBUG [persona_dao.py:45] Objeto eliminado: 
            Id Persona: 27, Nombre: None, Apellido: None, Email: None
        
12:17:08 PM: DEBUG [cursor_del_pool.py:13] Se ejecuta metodo __exit__
12:17:08 PM: DEBUG [cursor_del_pool.py:19] Commit de la transaccion
12:17:08 PM: DEBUG [conexion1.py:40] Regresamos la conexion al punto: <connection object at 0x0000015978DD3EF0; dsn: 'user=postgres password=xxx dbname=test_db host=127.0.0.1 port=5432', closed: 0>
12:17:08 PM: DEBUG [persona_dao.py:62] Personas eliminadas: 0
12:17:08 PM: DEBUG [cursor_del_pool.py:8] Inicio del metodo with __enter__
12:17:08 PM: DEBUG [conexion1.py:35] Conexion obtenida del pool: <connection object at 0x0000015978DD3EF0; dsn: 'user=postgres password=xxx dbname=test_db host=127.0.0.1 port=5432', closed: 0>
12:17:08 PM: DEBUG [cursor_del_pool.py:13] Se ejecuta metodo __exit__
12:17:08 PM: DEBUG [cursor_del_pool.py:19] Commit de la transaccion
12:17:08 PM: DEBUG [conexion1.py:40] Regresamos la conexion al punto: <connection object at 0x0000015978DD3EF0; dsn: 'user=postgres password=xxx dbname=test_db host=127.0.0.1 port=5432', closed: 0>
12:17:08 PM: DEBUG [persona_dao.py:67] 
            Id Persona: 1, Nombre: Juan, Apellido: Perez, Email: jperez@mail.com
        
12:17:08 PM: DEBUG [persona_dao.py:67] 
            Id Persona: 2, Nombre: Ivone, Apellido: Gutierrez, Email: igutierrez@mail.com
        
12:17:08 PM: DEBUG [persona_dao.py:67] 
            Id Persona: 3, Nombre: Carlos, Apellido: Lara, Email: clara@mail.com
        
12:17:08 PM: DEBUG [persona_dao.py:67] 
            Id Persona: 11, Nombre: Maria, Apellido: Esparza, Email: mesparza@mail.com
        
12:17:08 PM: DEBUG [persona_dao.py:67] 
            Id Persona: 20, Nombre: Alex, Apellido: Rojas, Email: arojas@mail.com
        
12:17:08 PM: DEBUG [persona_dao.py:67] 
            Id Persona: 26, Nombre: Pedro, Apellido: Najera, Email: pnajera@mail.com
        
12:17:08 PM: DEBUG [persona_dao.py:67] 
            Id Persona: 28, Nombre: Alejandra, Apellido: Tellez, Email: atellez@mail.com
        
12:17:08 PM: DEBUG [persona_dao.py:67] 
            Id Persona: 29, Nombre: Alejandra, Apellido: Tellez, Email: atellez@mail.com
        
12:17:08 PM: DEBUG [persona_dao.py:67] 
            Id Persona: 30, Nombre: Alejandra, Apellido: Tellez, Email: atellez@mail.com
        
12:17:08 PM: DEBUG [persona_dao.py:67] 
            Id Persona: 31, Nombre: Alex, Apellido: Rojas, Email: arojas@mail.com
        
12:17:08 PM: DEBUG [persona_dao.py:67] 
            Id Persona: 32, Nombre: Alejandra, Apellido: Tellez, Email: atellez@mail.com
        
12:17:08 PM: DEBUG [persona_dao.py:67] 
            Id Persona: 33, Nombre: Alejandra, Apellido: Tellez, Email: atellez@mail.com
        
09:53:32 PM: DEBUG [cursor_del_pool.py:8] Inicio del metodo with __enter__
09:53:32 PM: DEBUG [conexion1.py:24] Creacion de pool exitosa <psycopg2.pool.SimpleConnectionPool object at 0x000002701BFCBEB0>
09:53:32 PM: DEBUG [conexion1.py:35] Conexion obtenida del pool: <connection object at 0x000002701BE83EF0; dsn: 'user=postgres password=xxx dbname=test_db host=127.0.0.1 port=5432', closed: 0>
09:53:32 PM: DEBUG [cursor_del_pool.py:24] Dentro del bloque with
09:53:32 PM: DEBUG [cursor_del_pool.py:26] [(3, 'Carlos', 'Lara', 'clara@mail.com'), (2, 'Ivone', 'Gutierrez', 'igutierrez@mail.com'), (11, 'Maria', 'Esparza', 'mesparza@mail.com'), (20, 'Alex', 'Rojas', 'arojas@mail.com'), (26, 'Pedro', 'Najera', 'pnajera@mail.com'), (28, 'Alejandra', 'Tellez', 'atellez@mail.com'), (29, 'Alejandra', 'Tellez', 'atellez@mail.com'), (30, 'Alejandra', 'Tellez', 'atellez@mail.com'), (31, 'Alex', 'Rojas', 'arojas@mail.com'), (32, 'Alejandra', 'Tellez', 'atellez@mail.com'), (33, 'Alejandra', 'Tellez', 'atellez@mail.com'), (34, 'Alex', 'Rojas', 'arojas@mail.com'), (1, 'Juan ', 'Perez', 'jperez@mail.com')]
09:53:32 PM: DEBUG [cursor_del_pool.py:13] Se ejecuta metodo __exit__
09:53:32 PM: DEBUG [cursor_del_pool.py:19] Commit de la transaccion
09:53:32 PM: DEBUG [conexion1.py:40] Regresamos la conexion al punto: <connection object at 0x000002701BE83EF0; dsn: 'user=postgres password=xxx dbname=test_db host=127.0.0.1 port=5432', closed: 0>
09:53:36 PM: DEBUG [conexion1.py:24] Creacion de pool exitosa <psycopg2.pool.SimpleConnectionPool object at 0x000001B9B532A2F0>
09:53:36 PM: DEBUG [conexion1.py:35] Conexion obtenida del pool: <connection object at 0x000001B9B30D3EF0; dsn: 'user=postgres password=xxx dbname=test_db host=127.0.0.1 port=5432', closed: 0>
09:53:36 PM: DEBUG [conexion1.py:40] Regresamos la conexion al punto: <connection object at 0x000001B9B30D3EF0; dsn: 'user=postgres password=xxx dbname=test_db host=127.0.0.1 port=5432', closed: 0>
09:53:36 PM: DEBUG [conexion1.py:35] Conexion obtenida del pool: <connection object at 0x000001B9B30D3EF0; dsn: 'user=postgres password=xxx dbname=test_db host=127.0.0.1 port=5432', closed: 0>
09:53:36 PM: DEBUG [conexion1.py:35] Conexion obtenida del pool: <connection object at 0x000001B9B30D3890; dsn: 'user=postgres password=xxx dbname=test_db host=127.0.0.1 port=5432', closed: 0>
09:53:36 PM: DEBUG [conexion1.py:40] Regresamos la conexion al punto: <connection object at 0x000001B9B30D3890; dsn: 'user=postgres password=xxx dbname=test_db host=127.0.0.1 port=5432', closed: 0>
09:53:36 PM: DEBUG [conexion1.py:35] Conexion obtenida del pool: <connection object at 0x000001B9B30D3890; dsn: 'user=postgres password=xxx dbname=test_db host=127.0.0.1 port=5432', closed: 0>
09:53:36 PM: DEBUG [conexion1.py:35] Conexion obtenida del pool: <connection object at 0x000001B9B30D3670; dsn: 'user=postgres password=xxx dbname=test_db host=127.0.0.1 port=5432', closed: 0>
09:53:36 PM: DEBUG [conexion1.py:40] Regresamos la conexion al punto: <connection object at 0x000001B9B30D3670; dsn: 'user=postgres password=xxx dbname=test_db host=127.0.0.1 port=5432', closed: 0>
09:53:38 PM: DEBUG [conexion.py:21] Conexion exitosa; <connection object at 0x0000017FE33E1580; dsn: 'user=postgres password=xxx dbname=test_db host=127.0.0.1', closed: 0>
09:53:38 PM: DEBUG [conexion.py:35] Se abrio correctamente el cursor: <cursor object at 0x0000017FE56298C0; closed: 0>
09:53:40 PM: DEBUG [logger_base.py:12] Mensaje a nivel debug
09:53:40 PM: INFO [logger_base.py:13] Mensaje a nivel de info
09:53:40 PM: WARNING [logger_base.py:14] Mensaje a nivel de warning
09:53:40 PM: ERROR [logger_base.py:15] Mensaje a nivel de error
09:53:40 PM: CRITICAL [logger_base.py:16] Mensaje a nivel de critical
09:53:41 PM: DEBUG [persona.py:46] 
            Id Persona: 1, Nombre: Juan, Apellido: Perez, Email: jperez@email.com
        
09:53:41 PM: DEBUG [persona.py:49] 
            Id Persona: None, Nombre: Juan, Apellido: Perez, Email: jperez@email.com
        
09:53:41 PM: DEBUG [persona.py:52] 
            Id Persona: 1, Nombre: None, Apellido: None, Email: None
        
09:53:42 PM: DEBUG [cursor_del_pool.py:8] Inicio del metodo with __enter__
09:53:42 PM: DEBUG [conexion1.py:24] Creacion de pool exitosa <psycopg2.pool.SimpleConnectionPool object at 0x00000183667E2F80>
09:53:42 PM: DEBUG [conexion1.py:35] Conexion obtenida del pool: <connection object at 0x00000183648D3EF0; dsn: 'user=postgres password=xxx dbname=test_db host=127.0.0.1 port=5432', closed: 0>
09:53:42 PM: DEBUG [persona_dao.py:31] Persona a insertada: 
            Id Persona: None, Nombre: Alejandra, Apellido: Tellez, Email: atellez@mail.com
        
09:53:42 PM: DEBUG [cursor_del_pool.py:13] Se ejecuta metodo __exit__
09:53:42 PM: DEBUG [cursor_del_pool.py:19] Commit de la transaccion
09:53:42 PM: DEBUG [conexion1.py:40] Regresamos la conexion al punto: <connection object at 0x00000183648D3EF0; dsn: 'user=postgres password=xxx dbname=test_db host=127.0.0.1 port=5432', closed: 0>
09:53:42 PM: DEBUG [persona_dao.py:52] Personas insertadas: 1
09:53:42 PM: DEBUG [cursor_del_pool.py:8] Inicio del metodo with __enter__
09:53:42 PM: DEBUG [conexion1.py:35] Conexion obtenida del pool: <connection object at 0x00000183648D3EF0; dsn: 'user=postgres password=xxx dbname=test_db host=127.0.0.1 port=5432', closed: 0>
09:53:42 PM: DEBUG [persona_dao.py:38] Persona actualizada: 
            Id Persona: 1, Nombre: Juan, Apellido: Perez, Email: jperez@mail.com
        
09:53:42 PM: DEBUG [cursor_del_pool.py:13] Se ejecuta metodo __exit__
09:53:42 PM: DEBUG [cursor_del_pool.py:19] Commit de la transaccion
09:53:42 PM: DEBUG [conexion1.py:40] Regresamos la conexion al punto: <connection object at 0x00000183648D3EF0; dsn: 'user=postgres password=xxx dbname=test_db host=127.0.0.1 port=5432', closed: 0>
09:53:42 PM: DEBUG [persona_dao.py:57] Personas actualizadas: 1
09:53:42 PM: DEBUG [cursor_del_pool.py:8] Inicio del metodo with __enter__
09:53:42 PM: DEBUG [conexion1.py:35] Conexion obtenida del pool: <connection object at 0x00000183648D3EF0; dsn: 'user=postgres password=xxx dbname=test_db host=127.0.0.1 port=5432', closed: 0>
09:53:42 PM: DEBUG [persona_dao.py:45] Objeto eliminado: 
            Id Persona: 27, Nombre: None, Apellido: None, Email: None
        
09:53:42 PM: DEBUG [cursor_del_pool.py:13] Se ejecuta metodo __exit__
09:53:42 PM: DEBUG [cursor_del_pool.py:19] Commit de la transaccion
09:53:42 PM: DEBUG [conexion1.py:40] Regresamos la conexion al punto: <connection object at 0x00000183648D3EF0; dsn: 'user=postgres password=xxx dbname=test_db host=127.0.0.1 port=5432', closed: 0>
09:53:42 PM: DEBUG [persona_dao.py:62] Personas eliminadas: 0
09:53:42 PM: DEBUG [cursor_del_pool.py:8] Inicio del metodo with __enter__
09:53:42 PM: DEBUG [conexion1.py:35] Conexion obtenida del pool: <connection object at 0x00000183648D3EF0; dsn: 'user=postgres password=xxx dbname=test_db host=127.0.0.1 port=5432', closed: 0>
09:53:42 PM: DEBUG [cursor_del_pool.py:13] Se ejecuta metodo __exit__
09:53:42 PM: DEBUG [cursor_del_pool.py:19] Commit de la transaccion
09:53:42 PM: DEBUG [conexion1.py:40] Regresamos la conexion al punto: <connection object at 0x00000183648D3EF0; dsn: 'user=postgres password=xxx dbname=test_db host=127.0.0.1 port=5432', closed: 0>
09:53:42 PM: DEBUG [persona_dao.py:67] 
            Id Persona: 1, Nombre: Juan, Apellido: Perez, Email: jperez@mail.com
        
09:53:42 PM: DEBUG [persona_dao.py:67] 
            Id Persona: 2, Nombre: Ivone, Apellido: Gutierrez, Email: igutierrez@mail.com
        
09:53:42 PM: DEBUG [persona_dao.py:67] 
            Id Persona: 3, Nombre: Carlos, Apellido: Lara, Email: clara@mail.com
        
09:53:42 PM: DEBUG [persona_dao.py:67] 
            Id Persona: 11, Nombre: Maria, Apellido: Esparza, Email: mesparza@mail.com
        
09:53:42 PM: DEBUG [persona_dao.py:67] 
            Id Persona: 20, Nombre: Alex, Apellido: Rojas, Email: arojas@mail.com
        
09:53:42 PM: DEBUG [persona_dao.py:67] 
            Id Persona: 26, Nombre: Pedro, Apellido: Najera, Email: pnajera@mail.com
        
09:53:42 PM: DEBUG [persona_dao.py:67] 
            Id Persona: 28, Nombre: Alejandra, Apellido: Tellez, Email: atellez@mail.com
        
09:53:42 PM: DEBUG [persona_dao.py:67] 
            Id Persona: 29, Nombre: Alejandra, Apellido: Tellez, Email: atellez@mail.com
        
09:53:42 PM: DEBUG [persona_dao.py:67] 
            Id Persona: 30, Nombre: Alejandra, Apellido: Tellez, Email: atellez@mail.com
        
09:53:42 PM: DEBUG [persona_dao.py:67] 
            Id Persona: 31, Nombre: Alex, Apellido: Rojas, Email: arojas@mail.com
        
09:53:42 PM: DEBUG [persona_dao.py:67] 
            Id Persona: 32, Nombre: Alejandra, Apellido: Tellez, Email: atellez@mail.com
        
09:53:42 PM: DEBUG [persona_dao.py:67] 
            Id Persona: 33, Nombre: Alejandra, Apellido: Tellez, Email: atellez@mail.com
        
09:53:42 PM: DEBUG [persona_dao.py:67] 
            Id Persona: 34, Nombre: Alex, Apellido: Rojas, Email: arojas@mail.com
        
09:53:42 PM: DEBUG [persona_dao.py:67] 
            Id Persona: 35, Nombre: Alejandra, Apellido: Tellez, Email: atellez@mail.com
        
09:55:12 PM: DEBUG [cursor_del_pool.py:8] Inicio del metodo with __enter__
09:55:12 PM: DEBUG [conexion1.py:24] Creacion de pool exitosa <psycopg2.pool.SimpleConnectionPool object at 0x000001F35A3B2F80>
09:55:12 PM: DEBUG [conexion1.py:35] Conexion obtenida del pool: <connection object at 0x000001F3580F3EF0; dsn: 'user=postgres password=xxx dbname=test_db host=127.0.0.1 port=5432', closed: 0>
09:55:12 PM: DEBUG [persona_dao.py:31] Persona a insertada: 
            Id Persona: None, Nombre: Alejandra, Apellido: Tellez, Email: atellez@mail.com
        
09:55:12 PM: DEBUG [cursor_del_pool.py:13] Se ejecuta metodo __exit__
09:55:12 PM: DEBUG [cursor_del_pool.py:19] Commit de la transaccion
09:55:12 PM: DEBUG [conexion1.py:40] Regresamos la conexion al punto: <connection object at 0x000001F3580F3EF0; dsn: 'user=postgres password=xxx dbname=test_db host=127.0.0.1 port=5432', closed: 0>
09:55:12 PM: DEBUG [persona_dao.py:52] Personas insertadas: 1
09:55:12 PM: DEBUG [cursor_del_pool.py:8] Inicio del metodo with __enter__
09:55:12 PM: DEBUG [conexion1.py:35] Conexion obtenida del pool: <connection object at 0x000001F3580F3EF0; dsn: 'user=postgres password=xxx dbname=test_db host=127.0.0.1 port=5432', closed: 0>
09:55:12 PM: DEBUG [persona_dao.py:38] Persona actualizada: 
            Id Persona: 1, Nombre: Juan, Apellido: Perez, Email: jperez@mail.com
        
09:55:12 PM: DEBUG [cursor_del_pool.py:13] Se ejecuta metodo __exit__
09:55:12 PM: DEBUG [cursor_del_pool.py:19] Commit de la transaccion
09:55:12 PM: DEBUG [conexion1.py:40] Regresamos la conexion al punto: <connection object at 0x000001F3580F3EF0; dsn: 'user=postgres password=xxx dbname=test_db host=127.0.0.1 port=5432', closed: 0>
09:55:12 PM: DEBUG [persona_dao.py:57] Personas actualizadas: 1
09:55:12 PM: DEBUG [cursor_del_pool.py:8] Inicio del metodo with __enter__
09:55:12 PM: DEBUG [conexion1.py:35] Conexion obtenida del pool: <connection object at 0x000001F3580F3EF0; dsn: 'user=postgres password=xxx dbname=test_db host=127.0.0.1 port=5432', closed: 0>
09:55:12 PM: DEBUG [persona_dao.py:45] Objeto eliminado: 
            Id Persona: 27, Nombre: None, Apellido: None, Email: None
        
09:55:12 PM: DEBUG [cursor_del_pool.py:13] Se ejecuta metodo __exit__
09:55:12 PM: DEBUG [cursor_del_pool.py:19] Commit de la transaccion
09:55:12 PM: DEBUG [conexion1.py:40] Regresamos la conexion al punto: <connection object at 0x000001F3580F3EF0; dsn: 'user=postgres password=xxx dbname=test_db host=127.0.0.1 port=5432', closed: 0>
09:55:12 PM: DEBUG [persona_dao.py:62] Personas eliminadas: 0
09:55:12 PM: DEBUG [cursor_del_pool.py:8] Inicio del metodo with __enter__
09:55:12 PM: DEBUG [conexion1.py:35] Conexion obtenida del pool: <connection object at 0x000001F3580F3EF0; dsn: 'user=postgres password=xxx dbname=test_db host=127.0.0.1 port=5432', closed: 0>
09:55:12 PM: DEBUG [cursor_del_pool.py:13] Se ejecuta metodo __exit__
09:55:12 PM: DEBUG [cursor_del_pool.py:19] Commit de la transaccion
09:55:12 PM: DEBUG [conexion1.py:40] Regresamos la conexion al punto: <connection object at 0x000001F3580F3EF0; dsn: 'user=postgres password=xxx dbname=test_db host=127.0.0.1 port=5432', closed: 0>
09:55:12 PM: DEBUG [persona_dao.py:67] 
            Id Persona: 1, Nombre: Juan, Apellido: Perez, Email: jperez@mail.com
        
09:55:12 PM: DEBUG [persona_dao.py:67] 
            Id Persona: 2, Nombre: Ivone, Apellido: Gutierrez, Email: igutierrez@mail.com
        
09:55:12 PM: DEBUG [persona_dao.py:67] 
            Id Persona: 3, Nombre: Carlos, Apellido: Lara, Email: clara@mail.com
        
09:55:12 PM: DEBUG [persona_dao.py:67] 
            Id Persona: 11, Nombre: Maria, Apellido: Esparza, Email: mesparza@mail.com
        
09:55:12 PM: DEBUG [persona_dao.py:67] 
            Id Persona: 20, Nombre: Alex, Apellido: Rojas, Email: arojas@mail.com
        
09:55:12 PM: DEBUG [persona_dao.py:67] 
            Id Persona: 26, Nombre: Pedro, Apellido: Najera, Email: pnajera@mail.com
        
09:55:12 PM: DEBUG [persona_dao.py:67] 
            Id Persona: 28, Nombre: Alejandra, Apellido: Tellez, Email: atellez@mail.com
        
09:55:12 PM: DEBUG [persona_dao.py:67] 
            Id Persona: 29, Nombre: Alejandra, Apellido: Tellez, Email: atellez@mail.com
        
09:55:12 PM: DEBUG [persona_dao.py:67] 
            Id Persona: 30, Nombre: Alejandra, Apellido: Tellez, Email: atellez@mail.com
        
09:55:12 PM: DEBUG [persona_dao.py:67] 
            Id Persona: 31, Nombre: Alex, Apellido: Rojas, Email: arojas@mail.com
        
09:55:12 PM: DEBUG [persona_dao.py:67] 
            Id Persona: 32, Nombre: Alejandra, Apellido: Tellez, Email: atellez@mail.com
        
09:55:12 PM: DEBUG [persona_dao.py:67] 
            Id Persona: 33, Nombre: Alejandra, Apellido: Tellez, Email: atellez@mail.com
        
09:55:12 PM: DEBUG [persona_dao.py:67] 
            Id Persona: 34, Nombre: Alex, Apellido: Rojas, Email: arojas@mail.com
        
09:55:12 PM: DEBUG [persona_dao.py:67] 
            Id Persona: 35, Nombre: Alejandra, Apellido: Tellez, Email: atellez@mail.com
        
09:55:12 PM: DEBUG [persona_dao.py:67] 
            Id Persona: 36, Nombre: Alejandra, Apellido: Tellez, Email: atellez@mail.com
        
